16:28:35 | DEBUG | __init__: 623 | Using proactor: IocpProactor
16:28:35 | DEBUG | make_request: 133 | Make request: "getMe" with data: "{}" and files "None"
16:28:35 | DEBUG | check_result: 95 | Response for getMe: [200] "'{"ok":true,"result":{"id":5435708975,"is_bot":true,"first_name":"popovtest","username":"popov_test_bot","can_join_groups":true,"can_read_all_group_messages":false,"supports_inline_queries":false}}'"
16:28:35 | INFO | _welcome: 362 | Bot: popovtest [@popov_test_bot]
16:28:35 | INFO | start_polling: 358 | Start polling.
16:28:35 | DEBUG | make_request: 133 | Make request: "getWebhookInfo" with data: "{}" and files "None"
16:28:35 | DEBUG | check_result: 95 | Response for getWebhookInfo: [200] "'{"ok":true,"result":{"url":"","has_custom_certificate":false,"pending_update_count":0}}'"
16:28:35 | DEBUG | make_request: 133 | Make request: "getUpdates" with data: "{'timeout': 20}" and files "None"
16:28:40 | DEBUG | check_result: 95 | Response for getUpdates: [409] "'{"ok":false,"error_code":409,"description":"Conflict: terminated by other getUpdates request; make sure that only one bot instance is running"}'"
16:28:40 | ERROR | start_polling: 390 | Cause exception while getting updates.
Traceback (most recent call last):
  File "Z:\Troshkin Artem\sudastimofey\venv\lib\site-packages\aiogram\dispatcher\dispatcher.py", line 381, in start_polling
    updates = await self.bot.get_updates(
  File "Z:\Troshkin Artem\sudastimofey\venv\lib\site-packages\aiogram\bot\bot.py", line 110, in get_updates
    result = await self.request(api.Methods.GET_UPDATES, payload)
  File "Z:\Troshkin Artem\sudastimofey\venv\lib\site-packages\aiogram\bot\base.py", line 231, in request
    return await api.make_request(await self.get_session(), self.server, self.__token, method, data, files,
  File "Z:\Troshkin Artem\sudastimofey\venv\lib\site-packages\aiogram\bot\api.py", line 140, in make_request
    return check_result(method, response.content_type, response.status, await response.text())
  File "Z:\Troshkin Artem\sudastimofey\venv\lib\site-packages\aiogram\bot\api.py", line 119, in check_result
    exceptions.ConflictError.detect(description)
  File "Z:\Troshkin Artem\sudastimofey\venv\lib\site-packages\aiogram\utils\exceptions.py", line 140, in detect
    raise err(cls.text or description)
aiogram.utils.exceptions.TerminatedByOtherGetUpdates: Terminated by other getupdates request; make sure that only one bot instance is running
16:28:46 | DEBUG | make_request: 133 | Make request: "getUpdates" with data: "{'timeout': 20}" and files "None"
16:28:51 | DEBUG | check_result: 95 | Response for getUpdates: [409] "'{"ok":false,"error_code":409,"description":"Conflict: terminated by other getUpdates request; make sure that only one bot instance is running"}'"
16:28:51 | ERROR | start_polling: 390 | Cause exception while getting updates.
Traceback (most recent call last):
  File "Z:\Troshkin Artem\sudastimofey\venv\lib\site-packages\aiogram\dispatcher\dispatcher.py", line 381, in start_polling
    updates = await self.bot.get_updates(
  File "Z:\Troshkin Artem\sudastimofey\venv\lib\site-packages\aiogram\bot\bot.py", line 110, in get_updates
    result = await self.request(api.Methods.GET_UPDATES, payload)
  File "Z:\Troshkin Artem\sudastimofey\venv\lib\site-packages\aiogram\bot\base.py", line 231, in request
    return await api.make_request(await self.get_session(), self.server, self.__token, method, data, files,
  File "Z:\Troshkin Artem\sudastimofey\venv\lib\site-packages\aiogram\bot\api.py", line 140, in make_request
    return check_result(method, response.content_type, response.status, await response.text())
  File "Z:\Troshkin Artem\sudastimofey\venv\lib\site-packages\aiogram\bot\api.py", line 119, in check_result
    exceptions.ConflictError.detect(description)
  File "Z:\Troshkin Artem\sudastimofey\venv\lib\site-packages\aiogram\utils\exceptions.py", line 140, in detect
    raise err(cls.text or description)
aiogram.utils.exceptions.TerminatedByOtherGetUpdates: Terminated by other getupdates request; make sure that only one bot instance is running
16:28:56 | DEBUG | make_request: 133 | Make request: "getUpdates" with data: "{'timeout': 20}" and files "None"
16:29:01 | DEBUG | check_result: 95 | Response for getUpdates: [409] "'{"ok":false,"error_code":409,"description":"Conflict: terminated by other getUpdates request; make sure that only one bot instance is running"}'"
16:29:01 | ERROR | start_polling: 390 | Cause exception while getting updates.
Traceback (most recent call last):
  File "Z:\Troshkin Artem\sudastimofey\venv\lib\site-packages\aiogram\dispatcher\dispatcher.py", line 381, in start_polling
    updates = await self.bot.get_updates(
  File "Z:\Troshkin Artem\sudastimofey\venv\lib\site-packages\aiogram\bot\bot.py", line 110, in get_updates
    result = await self.request(api.Methods.GET_UPDATES, payload)
  File "Z:\Troshkin Artem\sudastimofey\venv\lib\site-packages\aiogram\bot\base.py", line 231, in request
    return await api.make_request(await self.get_session(), self.server, self.__token, method, data, files,
  File "Z:\Troshkin Artem\sudastimofey\venv\lib\site-packages\aiogram\bot\api.py", line 140, in make_request
    return check_result(method, response.content_type, response.status, await response.text())
  File "Z:\Troshkin Artem\sudastimofey\venv\lib\site-packages\aiogram\bot\api.py", line 119, in check_result
    exceptions.ConflictError.detect(description)
  File "Z:\Troshkin Artem\sudastimofey\venv\lib\site-packages\aiogram\utils\exceptions.py", line 140, in detect
    raise err(cls.text or description)
aiogram.utils.exceptions.TerminatedByOtherGetUpdates: Terminated by other getupdates request; make sure that only one bot instance is running
16:29:06 | DEBUG | make_request: 133 | Make request: "getUpdates" with data: "{'timeout': 20}" and files "None"
16:29:11 | DEBUG | check_result: 95 | Response for getUpdates: [409] "'{"ok":false,"error_code":409,"description":"Conflict: terminated by other getUpdates request; make sure that only one bot instance is running"}'"
16:29:11 | ERROR | start_polling: 390 | Cause exception while getting updates.
Traceback (most recent call last):
  File "Z:\Troshkin Artem\sudastimofey\venv\lib\site-packages\aiogram\dispatcher\dispatcher.py", line 381, in start_polling
    updates = await self.bot.get_updates(
  File "Z:\Troshkin Artem\sudastimofey\venv\lib\site-packages\aiogram\bot\bot.py", line 110, in get_updates
    result = await self.request(api.Methods.GET_UPDATES, payload)
  File "Z:\Troshkin Artem\sudastimofey\venv\lib\site-packages\aiogram\bot\base.py", line 231, in request
    return await api.make_request(await self.get_session(), self.server, self.__token, method, data, files,
  File "Z:\Troshkin Artem\sudastimofey\venv\lib\site-packages\aiogram\bot\api.py", line 140, in make_request
    return check_result(method, response.content_type, response.status, await response.text())
  File "Z:\Troshkin Artem\sudastimofey\venv\lib\site-packages\aiogram\bot\api.py", line 119, in check_result
    exceptions.ConflictError.detect(description)
  File "Z:\Troshkin Artem\sudastimofey\venv\lib\site-packages\aiogram\utils\exceptions.py", line 140, in detect
    raise err(cls.text or description)
aiogram.utils.exceptions.TerminatedByOtherGetUpdates: Terminated by other getupdates request; make sure that only one bot instance is running
16:29:16 | DEBUG | make_request: 133 | Make request: "getUpdates" with data: "{'timeout': 20}" and files "None"
16:29:21 | DEBUG | check_result: 95 | Response for getUpdates: [409] "'{"ok":false,"error_code":409,"description":"Conflict: terminated by other getUpdates request; make sure that only one bot instance is running"}'"
16:29:21 | ERROR | start_polling: 390 | Cause exception while getting updates.
Traceback (most recent call last):
  File "Z:\Troshkin Artem\sudastimofey\venv\lib\site-packages\aiogram\dispatcher\dispatcher.py", line 381, in start_polling
    updates = await self.bot.get_updates(
  File "Z:\Troshkin Artem\sudastimofey\venv\lib\site-packages\aiogram\bot\bot.py", line 110, in get_updates
    result = await self.request(api.Methods.GET_UPDATES, payload)
  File "Z:\Troshkin Artem\sudastimofey\venv\lib\site-packages\aiogram\bot\base.py", line 231, in request
    return await api.make_request(await self.get_session(), self.server, self.__token, method, data, files,
  File "Z:\Troshkin Artem\sudastimofey\venv\lib\site-packages\aiogram\bot\api.py", line 140, in make_request
    return check_result(method, response.content_type, response.status, await response.text())
  File "Z:\Troshkin Artem\sudastimofey\venv\lib\site-packages\aiogram\bot\api.py", line 119, in check_result
    exceptions.ConflictError.detect(description)
  File "Z:\Troshkin Artem\sudastimofey\venv\lib\site-packages\aiogram\utils\exceptions.py", line 140, in detect
    raise err(cls.text or description)
aiogram.utils.exceptions.TerminatedByOtherGetUpdates: Terminated by other getupdates request; make sure that only one bot instance is running
16:29:26 | DEBUG | make_request: 133 | Make request: "getUpdates" with data: "{'timeout': 20}" and files "None"
16:29:32 | DEBUG | check_result: 95 | Response for getUpdates: [409] "'{"ok":false,"error_code":409,"description":"Conflict: terminated by other getUpdates request; make sure that only one bot instance is running"}'"
16:29:32 | ERROR | start_polling: 390 | Cause exception while getting updates.
Traceback (most recent call last):
  File "Z:\Troshkin Artem\sudastimofey\venv\lib\site-packages\aiogram\dispatcher\dispatcher.py", line 381, in start_polling
    updates = await self.bot.get_updates(
  File "Z:\Troshkin Artem\sudastimofey\venv\lib\site-packages\aiogram\bot\bot.py", line 110, in get_updates
    result = await self.request(api.Methods.GET_UPDATES, payload)
  File "Z:\Troshkin Artem\sudastimofey\venv\lib\site-packages\aiogram\bot\base.py", line 231, in request
    return await api.make_request(await self.get_session(), self.server, self.__token, method, data, files,
  File "Z:\Troshkin Artem\sudastimofey\venv\lib\site-packages\aiogram\bot\api.py", line 140, in make_request
    return check_result(method, response.content_type, response.status, await response.text())
  File "Z:\Troshkin Artem\sudastimofey\venv\lib\site-packages\aiogram\bot\api.py", line 119, in check_result
    exceptions.ConflictError.detect(description)
  File "Z:\Troshkin Artem\sudastimofey\venv\lib\site-packages\aiogram\utils\exceptions.py", line 140, in detect
    raise err(cls.text or description)
aiogram.utils.exceptions.TerminatedByOtherGetUpdates: Terminated by other getupdates request; make sure that only one bot instance is running
16:29:36 | INFO | stop_polling: 433 | Stop polling...
16:29:36 | WARNING | start_polling: 329 | Goodbye!
16:29:38 | DEBUG | __init__: 623 | Using proactor: IocpProactor
16:29:38 | DEBUG | make_request: 133 | Make request: "getMe" with data: "{}" and files "None"
16:29:38 | DEBUG | check_result: 95 | Response for getMe: [200] "'{"ok":true,"result":{"id":5077229429,"is_bot":true,"first_name":"test","username":"test12345665412366464_bot","can_join_groups":true,"can_read_all_group_messages":false,"supports_inline_queries":false}}'"
16:29:38 | INFO | _welcome: 362 | Bot: test [@test12345665412366464_bot]
16:29:38 | INFO | start_polling: 358 | Start polling.
16:29:38 | DEBUG | make_request: 133 | Make request: "getWebhookInfo" with data: "{}" and files "None"
16:29:39 | DEBUG | check_result: 95 | Response for getWebhookInfo: [200] "'{"ok":true,"result":{"url":"","has_custom_certificate":false,"pending_update_count":0}}'"
16:29:39 | DEBUG | make_request: 133 | Make request: "getUpdates" with data: "{'timeout': 20}" and files "None"
16:29:56 | DEBUG | check_result: 95 | Response for getUpdates: [409] "'{"ok":false,"error_code":409,"description":"Conflict: terminated by other getUpdates request; make sure that only one bot instance is running"}'"
16:29:56 | ERROR | start_polling: 390 | Cause exception while getting updates.
Traceback (most recent call last):
  File "Z:\Troshkin Artem\sudastimofey\venv\lib\site-packages\aiogram\dispatcher\dispatcher.py", line 381, in start_polling
    updates = await self.bot.get_updates(
  File "Z:\Troshkin Artem\sudastimofey\venv\lib\site-packages\aiogram\bot\bot.py", line 110, in get_updates
    result = await self.request(api.Methods.GET_UPDATES, payload)
  File "Z:\Troshkin Artem\sudastimofey\venv\lib\site-packages\aiogram\bot\base.py", line 231, in request
    return await api.make_request(await self.get_session(), self.server, self.__token, method, data, files,
  File "Z:\Troshkin Artem\sudastimofey\venv\lib\site-packages\aiogram\bot\api.py", line 140, in make_request
    return check_result(method, response.content_type, response.status, await response.text())
  File "Z:\Troshkin Artem\sudastimofey\venv\lib\site-packages\aiogram\bot\api.py", line 119, in check_result
    exceptions.ConflictError.detect(description)
  File "Z:\Troshkin Artem\sudastimofey\venv\lib\site-packages\aiogram\utils\exceptions.py", line 140, in detect
    raise err(cls.text or description)
aiogram.utils.exceptions.TerminatedByOtherGetUpdates: Terminated by other getupdates request; make sure that only one bot instance is running
16:30:01 | DEBUG | make_request: 133 | Make request: "getUpdates" with data: "{'timeout': 20}" and files "None"
16:30:06 | DEBUG | check_result: 95 | Response for getUpdates: [409] "'{"ok":false,"error_code":409,"description":"Conflict: terminated by other getUpdates request; make sure that only one bot instance is running"}'"
16:30:06 | ERROR | start_polling: 390 | Cause exception while getting updates.
Traceback (most recent call last):
  File "Z:\Troshkin Artem\sudastimofey\venv\lib\site-packages\aiogram\dispatcher\dispatcher.py", line 381, in start_polling
    updates = await self.bot.get_updates(
  File "Z:\Troshkin Artem\sudastimofey\venv\lib\site-packages\aiogram\bot\bot.py", line 110, in get_updates
    result = await self.request(api.Methods.GET_UPDATES, payload)
  File "Z:\Troshkin Artem\sudastimofey\venv\lib\site-packages\aiogram\bot\base.py", line 231, in request
    return await api.make_request(await self.get_session(), self.server, self.__token, method, data, files,
  File "Z:\Troshkin Artem\sudastimofey\venv\lib\site-packages\aiogram\bot\api.py", line 140, in make_request
    return check_result(method, response.content_type, response.status, await response.text())
  File "Z:\Troshkin Artem\sudastimofey\venv\lib\site-packages\aiogram\bot\api.py", line 119, in check_result
    exceptions.ConflictError.detect(description)
  File "Z:\Troshkin Artem\sudastimofey\venv\lib\site-packages\aiogram\utils\exceptions.py", line 140, in detect
    raise err(cls.text or description)
aiogram.utils.exceptions.TerminatedByOtherGetUpdates: Terminated by other getupdates request; make sure that only one bot instance is running
16:30:11 | DEBUG | make_request: 133 | Make request: "getUpdates" with data: "{'timeout': 20}" and files "None"
16:30:16 | DEBUG | check_result: 95 | Response for getUpdates: [409] "'{"ok":false,"error_code":409,"description":"Conflict: terminated by other getUpdates request; make sure that only one bot instance is running"}'"
16:30:16 | ERROR | start_polling: 390 | Cause exception while getting updates.
Traceback (most recent call last):
  File "Z:\Troshkin Artem\sudastimofey\venv\lib\site-packages\aiogram\dispatcher\dispatcher.py", line 381, in start_polling
    updates = await self.bot.get_updates(
  File "Z:\Troshkin Artem\sudastimofey\venv\lib\site-packages\aiogram\bot\bot.py", line 110, in get_updates
    result = await self.request(api.Methods.GET_UPDATES, payload)
  File "Z:\Troshkin Artem\sudastimofey\venv\lib\site-packages\aiogram\bot\base.py", line 231, in request
    return await api.make_request(await self.get_session(), self.server, self.__token, method, data, files,
  File "Z:\Troshkin Artem\sudastimofey\venv\lib\site-packages\aiogram\bot\api.py", line 140, in make_request
    return check_result(method, response.content_type, response.status, await response.text())
  File "Z:\Troshkin Artem\sudastimofey\venv\lib\site-packages\aiogram\bot\api.py", line 119, in check_result
    exceptions.ConflictError.detect(description)
  File "Z:\Troshkin Artem\sudastimofey\venv\lib\site-packages\aiogram\utils\exceptions.py", line 140, in detect
    raise err(cls.text or description)
aiogram.utils.exceptions.TerminatedByOtherGetUpdates: Terminated by other getupdates request; make sure that only one bot instance is running
16:30:22 | DEBUG | make_request: 133 | Make request: "getUpdates" with data: "{'timeout': 20}" and files "None"
16:30:27 | DEBUG | check_result: 95 | Response for getUpdates: [409] "'{"ok":false,"error_code":409,"description":"Conflict: terminated by other getUpdates request; make sure that only one bot instance is running"}'"
16:30:27 | ERROR | start_polling: 390 | Cause exception while getting updates.
Traceback (most recent call last):
  File "Z:\Troshkin Artem\sudastimofey\venv\lib\site-packages\aiogram\dispatcher\dispatcher.py", line 381, in start_polling
    updates = await self.bot.get_updates(
  File "Z:\Troshkin Artem\sudastimofey\venv\lib\site-packages\aiogram\bot\bot.py", line 110, in get_updates
    result = await self.request(api.Methods.GET_UPDATES, payload)
  File "Z:\Troshkin Artem\sudastimofey\venv\lib\site-packages\aiogram\bot\base.py", line 231, in request
    return await api.make_request(await self.get_session(), self.server, self.__token, method, data, files,
  File "Z:\Troshkin Artem\sudastimofey\venv\lib\site-packages\aiogram\bot\api.py", line 140, in make_request
    return check_result(method, response.content_type, response.status, await response.text())
  File "Z:\Troshkin Artem\sudastimofey\venv\lib\site-packages\aiogram\bot\api.py", line 119, in check_result
    exceptions.ConflictError.detect(description)
  File "Z:\Troshkin Artem\sudastimofey\venv\lib\site-packages\aiogram\utils\exceptions.py", line 140, in detect
    raise err(cls.text or description)
aiogram.utils.exceptions.TerminatedByOtherGetUpdates: Terminated by other getupdates request; make sure that only one bot instance is running
16:30:32 | DEBUG | make_request: 133 | Make request: "getUpdates" with data: "{'timeout': 20}" and files "None"
16:30:37 | DEBUG | check_result: 95 | Response for getUpdates: [409] "'{"ok":false,"error_code":409,"description":"Conflict: terminated by other getUpdates request; make sure that only one bot instance is running"}'"
16:30:37 | ERROR | start_polling: 390 | Cause exception while getting updates.
Traceback (most recent call last):
  File "Z:\Troshkin Artem\sudastimofey\venv\lib\site-packages\aiogram\dispatcher\dispatcher.py", line 381, in start_polling
    updates = await self.bot.get_updates(
  File "Z:\Troshkin Artem\sudastimofey\venv\lib\site-packages\aiogram\bot\bot.py", line 110, in get_updates
    result = await self.request(api.Methods.GET_UPDATES, payload)
  File "Z:\Troshkin Artem\sudastimofey\venv\lib\site-packages\aiogram\bot\base.py", line 231, in request
    return await api.make_request(await self.get_session(), self.server, self.__token, method, data, files,
  File "Z:\Troshkin Artem\sudastimofey\venv\lib\site-packages\aiogram\bot\api.py", line 140, in make_request
    return check_result(method, response.content_type, response.status, await response.text())
  File "Z:\Troshkin Artem\sudastimofey\venv\lib\site-packages\aiogram\bot\api.py", line 119, in check_result
    exceptions.ConflictError.detect(description)
  File "Z:\Troshkin Artem\sudastimofey\venv\lib\site-packages\aiogram\utils\exceptions.py", line 140, in detect
    raise err(cls.text or description)
aiogram.utils.exceptions.TerminatedByOtherGetUpdates: Terminated by other getupdates request; make sure that only one bot instance is running
16:30:42 | DEBUG | make_request: 133 | Make request: "getUpdates" with data: "{'timeout': 20}" and files "None"
16:30:48 | DEBUG | check_result: 95 | Response for getUpdates: [409] "'{"ok":false,"error_code":409,"description":"Conflict: terminated by other getUpdates request; make sure that only one bot instance is running"}'"
16:30:48 | ERROR | start_polling: 390 | Cause exception while getting updates.
Traceback (most recent call last):
  File "Z:\Troshkin Artem\sudastimofey\venv\lib\site-packages\aiogram\dispatcher\dispatcher.py", line 381, in start_polling
    updates = await self.bot.get_updates(
  File "Z:\Troshkin Artem\sudastimofey\venv\lib\site-packages\aiogram\bot\bot.py", line 110, in get_updates
    result = await self.request(api.Methods.GET_UPDATES, payload)
  File "Z:\Troshkin Artem\sudastimofey\venv\lib\site-packages\aiogram\bot\base.py", line 231, in request
    return await api.make_request(await self.get_session(), self.server, self.__token, method, data, files,
  File "Z:\Troshkin Artem\sudastimofey\venv\lib\site-packages\aiogram\bot\api.py", line 140, in make_request
    return check_result(method, response.content_type, response.status, await response.text())
  File "Z:\Troshkin Artem\sudastimofey\venv\lib\site-packages\aiogram\bot\api.py", line 119, in check_result
    exceptions.ConflictError.detect(description)
  File "Z:\Troshkin Artem\sudastimofey\venv\lib\site-packages\aiogram\utils\exceptions.py", line 140, in detect
    raise err(cls.text or description)
aiogram.utils.exceptions.TerminatedByOtherGetUpdates: Terminated by other getupdates request; make sure that only one bot instance is running
16:30:53 | DEBUG | make_request: 133 | Make request: "getUpdates" with data: "{'timeout': 20}" and files "None"
16:31:00 | DEBUG | check_result: 95 | Response for getUpdates: [409] "'{"ok":false,"error_code":409,"description":"Conflict: terminated by other getUpdates request; make sure that only one bot instance is running"}'"
16:31:00 | ERROR | start_polling: 390 | Cause exception while getting updates.
Traceback (most recent call last):
  File "Z:\Troshkin Artem\sudastimofey\venv\lib\site-packages\aiogram\dispatcher\dispatcher.py", line 381, in start_polling
    updates = await self.bot.get_updates(
  File "Z:\Troshkin Artem\sudastimofey\venv\lib\site-packages\aiogram\bot\bot.py", line 110, in get_updates
    result = await self.request(api.Methods.GET_UPDATES, payload)
  File "Z:\Troshkin Artem\sudastimofey\venv\lib\site-packages\aiogram\bot\base.py", line 231, in request
    return await api.make_request(await self.get_session(), self.server, self.__token, method, data, files,
  File "Z:\Troshkin Artem\sudastimofey\venv\lib\site-packages\aiogram\bot\api.py", line 140, in make_request
    return check_result(method, response.content_type, response.status, await response.text())
  File "Z:\Troshkin Artem\sudastimofey\venv\lib\site-packages\aiogram\bot\api.py", line 119, in check_result
    exceptions.ConflictError.detect(description)
  File "Z:\Troshkin Artem\sudastimofey\venv\lib\site-packages\aiogram\utils\exceptions.py", line 140, in detect
    raise err(cls.text or description)
aiogram.utils.exceptions.TerminatedByOtherGetUpdates: Terminated by other getupdates request; make sure that only one bot instance is running
16:31:05 | DEBUG | make_request: 133 | Make request: "getUpdates" with data: "{'timeout': 20}" and files "None"
16:31:25 | DEBUG | check_result: 95 | Response for getUpdates: [200] "'{"ok":true,"result":[]}'"
16:31:25 | DEBUG | make_request: 133 | Make request: "getUpdates" with data: "{'timeout': 20}" and files "None"
16:31:45 | DEBUG | check_result: 95 | Response for getUpdates: [200] "'{"ok":true,"result":[]}'"
16:31:46 | DEBUG | make_request: 133 | Make request: "getUpdates" with data: "{'timeout': 20}" and files "None"
16:32:06 | DEBUG | check_result: 95 | Response for getUpdates: [200] "'{"ok":true,"result":[]}'"
16:32:06 | DEBUG | make_request: 133 | Make request: "getUpdates" with data: "{'timeout': 20}" and files "None"
16:32:26 | DEBUG | check_result: 95 | Response for getUpdates: [200] "'{"ok":true,"result":[]}'"
16:32:26 | DEBUG | make_request: 133 | Make request: "getUpdates" with data: "{'timeout': 20}" and files "None"
16:32:46 | DEBUG | check_result: 95 | Response for getUpdates: [200] "'{"ok":true,"result":[]}'"
16:32:46 | DEBUG | make_request: 133 | Make request: "getUpdates" with data: "{'timeout': 20}" and files "None"
16:33:06 | DEBUG | check_result: 95 | Response for getUpdates: [200] "'{"ok":true,"result":[]}'"
16:33:06 | DEBUG | make_request: 133 | Make request: "getUpdates" with data: "{'timeout': 20}" and files "None"
16:33:26 | DEBUG | check_result: 95 | Response for getUpdates: [200] "'{"ok":true,"result":[]}'"
16:33:26 | DEBUG | make_request: 133 | Make request: "getUpdates" with data: "{'timeout': 20}" and files "None"
16:33:46 | DEBUG | check_result: 95 | Response for getUpdates: [200] "'{"ok":true,"result":[]}'"
16:33:47 | DEBUG | make_request: 133 | Make request: "getUpdates" with data: "{'timeout': 20}" and files "None"
16:33:49 | DEBUG | check_result: 95 | Response for getUpdates: [409] "'{"ok":false,"error_code":409,"description":"Conflict: terminated by other getUpdates request; make sure that only one bot instance is running"}'"
16:33:49 | ERROR | start_polling: 390 | Cause exception while getting updates.
Traceback (most recent call last):
  File "Z:\Troshkin Artem\sudastimofey\venv\lib\site-packages\aiogram\dispatcher\dispatcher.py", line 381, in start_polling
    updates = await self.bot.get_updates(
  File "Z:\Troshkin Artem\sudastimofey\venv\lib\site-packages\aiogram\bot\bot.py", line 110, in get_updates
    result = await self.request(api.Methods.GET_UPDATES, payload)
  File "Z:\Troshkin Artem\sudastimofey\venv\lib\site-packages\aiogram\bot\base.py", line 231, in request
    return await api.make_request(await self.get_session(), self.server, self.__token, method, data, files,
  File "Z:\Troshkin Artem\sudastimofey\venv\lib\site-packages\aiogram\bot\api.py", line 140, in make_request
    return check_result(method, response.content_type, response.status, await response.text())
  File "Z:\Troshkin Artem\sudastimofey\venv\lib\site-packages\aiogram\bot\api.py", line 119, in check_result
    exceptions.ConflictError.detect(description)
  File "Z:\Troshkin Artem\sudastimofey\venv\lib\site-packages\aiogram\utils\exceptions.py", line 140, in detect
    raise err(cls.text or description)
aiogram.utils.exceptions.TerminatedByOtherGetUpdates: Terminated by other getupdates request; make sure that only one bot instance is running
16:33:54 | DEBUG | make_request: 133 | Make request: "getUpdates" with data: "{'timeout': 20}" and files "None"
16:34:14 | DEBUG | check_result: 95 | Response for getUpdates: [200] "'{"ok":true,"result":[]}'"
16:34:14 | DEBUG | make_request: 133 | Make request: "getUpdates" with data: "{'timeout': 20}" and files "None"
16:34:28 | INFO | stop_polling: 433 | Stop polling...
16:34:28 | WARNING | start_polling: 329 | Goodbye!
16:34:36 | DEBUG | __init__: 623 | Using proactor: IocpProactor
16:34:36 | DEBUG | make_request: 133 | Make request: "getMe" with data: "{}" and files "None"
16:34:36 | DEBUG | check_result: 95 | Response for getMe: [200] "'{"ok":true,"result":{"id":5077229429,"is_bot":true,"first_name":"test","username":"test12345665412366464_bot","can_join_groups":true,"can_read_all_group_messages":false,"supports_inline_queries":false}}'"
16:34:36 | INFO | _welcome: 362 | Bot: test [@test12345665412366464_bot]
16:34:36 | INFO | start_polling: 358 | Start polling.
16:34:36 | DEBUG | make_request: 133 | Make request: "getWebhookInfo" with data: "{}" and files "None"
16:34:36 | DEBUG | check_result: 95 | Response for getWebhookInfo: [200] "'{"ok":true,"result":{"url":"","has_custom_certificate":false,"pending_update_count":0}}'"
16:34:36 | DEBUG | make_request: 133 | Make request: "getUpdates" with data: "{'timeout': 20}" and files "None"
16:34:56 | DEBUG | check_result: 95 | Response for getUpdates: [200] "'{"ok":true,"result":[]}'"
16:34:56 | DEBUG | make_request: 133 | Make request: "getUpdates" with data: "{'timeout': 20}" and files "None"
16:35:16 | DEBUG | check_result: 95 | Response for getUpdates: [200] "'{"ok":true,"result":[]}'"
16:35:16 | DEBUG | make_request: 133 | Make request: "getUpdates" with data: "{'timeout': 20}" and files "None"
16:35:34 | INFO | stop_polling: 433 | Stop polling...
16:35:34 | WARNING | start_polling: 329 | Goodbye!
16:35:37 | DEBUG | __init__: 623 | Using proactor: IocpProactor
16:35:37 | DEBUG | make_request: 133 | Make request: "getMe" with data: "{}" and files "None"
16:35:37 | DEBUG | check_result: 95 | Response for getMe: [200] "'{"ok":true,"result":{"id":5077229429,"is_bot":true,"first_name":"test","username":"test12345665412366464_bot","can_join_groups":true,"can_read_all_group_messages":false,"supports_inline_queries":false}}'"
16:35:37 | INFO | _welcome: 362 | Bot: test [@test12345665412366464_bot]
16:35:37 | INFO | start_polling: 358 | Start polling.
16:35:37 | DEBUG | make_request: 133 | Make request: "getWebhookInfo" with data: "{}" and files "None"
16:35:37 | DEBUG | check_result: 95 | Response for getWebhookInfo: [200] "'{"ok":true,"result":{"url":"","has_custom_certificate":false,"pending_update_count":0}}'"
16:35:37 | DEBUG | make_request: 133 | Make request: "getUpdates" with data: "{'timeout': 20}" and files "None"
16:35:55 | DEBUG | check_result: 95 | Response for getUpdates: [409] "'{"ok":false,"error_code":409,"description":"Conflict: terminated by other getUpdates request; make sure that only one bot instance is running"}'"
16:35:55 | ERROR | start_polling: 390 | Cause exception while getting updates.
Traceback (most recent call last):
  File "Z:\Troshkin Artem\sudastimofey\venv\lib\site-packages\aiogram\dispatcher\dispatcher.py", line 381, in start_polling
    updates = await self.bot.get_updates(
  File "Z:\Troshkin Artem\sudastimofey\venv\lib\site-packages\aiogram\bot\bot.py", line 110, in get_updates
    result = await self.request(api.Methods.GET_UPDATES, payload)
  File "Z:\Troshkin Artem\sudastimofey\venv\lib\site-packages\aiogram\bot\base.py", line 231, in request
    return await api.make_request(await self.get_session(), self.server, self.__token, method, data, files,
  File "Z:\Troshkin Artem\sudastimofey\venv\lib\site-packages\aiogram\bot\api.py", line 140, in make_request
    return check_result(method, response.content_type, response.status, await response.text())
  File "Z:\Troshkin Artem\sudastimofey\venv\lib\site-packages\aiogram\bot\api.py", line 119, in check_result
    exceptions.ConflictError.detect(description)
  File "Z:\Troshkin Artem\sudastimofey\venv\lib\site-packages\aiogram\utils\exceptions.py", line 140, in detect
    raise err(cls.text or description)
aiogram.utils.exceptions.TerminatedByOtherGetUpdates: Terminated by other getupdates request; make sure that only one bot instance is running
16:36:00 | DEBUG | make_request: 133 | Make request: "getUpdates" with data: "{'timeout': 20}" and files "None"
16:36:20 | DEBUG | check_result: 95 | Response for getUpdates: [200] "'{"ok":true,"result":[]}'"
16:36:20 | DEBUG | make_request: 133 | Make request: "getUpdates" with data: "{'timeout': 20}" and files "None"
16:36:21 | INFO | stop_polling: 433 | Stop polling...
16:36:21 | WARNING | start_polling: 329 | Goodbye!
16:36:33 | DEBUG | __init__: 623 | Using proactor: IocpProactor
16:36:33 | DEBUG | make_request: 133 | Make request: "getMe" with data: "{}" and files "None"
16:36:33 | DEBUG | check_result: 95 | Response for getMe: [200] "'{"ok":true,"result":{"id":5077229429,"is_bot":true,"first_name":"test","username":"test12345665412366464_bot","can_join_groups":true,"can_read_all_group_messages":false,"supports_inline_queries":false}}'"
16:36:33 | INFO | _welcome: 362 | Bot: test [@test12345665412366464_bot]
16:36:33 | INFO | start_polling: 358 | Start polling.
16:36:33 | DEBUG | make_request: 133 | Make request: "getWebhookInfo" with data: "{}" and files "None"
16:36:33 | DEBUG | check_result: 95 | Response for getWebhookInfo: [200] "'{"ok":true,"result":{"url":"","has_custom_certificate":false,"pending_update_count":0}}'"
16:36:33 | DEBUG | make_request: 133 | Make request: "getUpdates" with data: "{'timeout': 20}" and files "None"
16:36:53 | DEBUG | check_result: 95 | Response for getUpdates: [200] "'{"ok":true,"result":[]}'"
16:36:53 | DEBUG | make_request: 133 | Make request: "getUpdates" with data: "{'timeout': 20}" and files "None"
16:37:14 | DEBUG | check_result: 95 | Response for getUpdates: [200] "'{"ok":true,"result":[]}'"
16:37:14 | DEBUG | make_request: 133 | Make request: "getUpdates" with data: "{'timeout': 20}" and files "None"
16:37:34 | DEBUG | check_result: 95 | Response for getUpdates: [200] "'{"ok":true,"result":[]}'"
16:37:34 | DEBUG | make_request: 133 | Make request: "getUpdates" with data: "{'timeout': 20}" and files "None"
16:37:52 | INFO | stop_polling: 433 | Stop polling...
16:37:52 | WARNING | start_polling: 329 | Goodbye!
16:37:54 | DEBUG | __init__: 623 | Using proactor: IocpProactor
16:37:54 | DEBUG | make_request: 133 | Make request: "getMe" with data: "{}" and files "None"
16:37:54 | DEBUG | check_result: 95 | Response for getMe: [200] "'{"ok":true,"result":{"id":5077229429,"is_bot":true,"first_name":"test","username":"test12345665412366464_bot","can_join_groups":true,"can_read_all_group_messages":false,"supports_inline_queries":false}}'"
16:37:54 | INFO | _welcome: 362 | Bot: test [@test12345665412366464_bot]
16:37:54 | INFO | start_polling: 358 | Start polling.
16:37:54 | DEBUG | make_request: 133 | Make request: "getWebhookInfo" with data: "{}" and files "None"
16:37:55 | DEBUG | check_result: 95 | Response for getWebhookInfo: [200] "'{"ok":true,"result":{"url":"","has_custom_certificate":false,"pending_update_count":0}}'"
16:37:55 | DEBUG | make_request: 133 | Make request: "getUpdates" with data: "{'timeout': 20}" and files "None"
16:38:15 | DEBUG | check_result: 95 | Response for getUpdates: [200] "'{"ok":true,"result":[]}'"
16:38:15 | DEBUG | make_request: 133 | Make request: "getUpdates" with data: "{'timeout': 20}" and files "None"
16:38:27 | INFO | stop_polling: 433 | Stop polling...
16:38:27 | WARNING | start_polling: 329 | Goodbye!
16:38:29 | DEBUG | __init__: 623 | Using proactor: IocpProactor
16:38:29 | DEBUG | make_request: 133 | Make request: "getMe" with data: "{}" and files "None"
16:38:29 | DEBUG | check_result: 95 | Response for getMe: [200] "'{"ok":true,"result":{"id":5465904287,"is_bot":true,"first_name":"test","username":"test_Dorty_bot","can_join_groups":true,"can_read_all_group_messages":false,"supports_inline_queries":false}}'"
16:38:29 | INFO | _welcome: 362 | Bot: test [@test_Dorty_bot]
16:38:29 | INFO | start_polling: 358 | Start polling.
16:38:29 | DEBUG | make_request: 133 | Make request: "getWebhookInfo" with data: "{}" and files "None"
16:38:30 | DEBUG | check_result: 95 | Response for getWebhookInfo: [200] "'{"ok":true,"result":{"url":"","has_custom_certificate":false,"pending_update_count":9}}'"
16:38:30 | DEBUG | make_request: 133 | Make request: "getUpdates" with data: "{'timeout': 20}" and files "None"
16:38:30 | DEBUG | check_result: 95 | Response for getUpdates: [200] "'{"ok":true,"result":[{"update_id":137782315,\n"message":{"message_id":221,"from":{"id":1337138335,"is_bot":false,"first_name":"Tap1","language_code":"ru"},"chat":{"id":1337138335,"first_name":"Tap1","type":"private"},"date":1657805333,"text":"/start","entities":[{"offset":0,"length":6,"type":"bot_command"}]}},{"update_id":137782316,\n"message":{"message_id":222,"from":{"id":1337138335,"is_bot":false,"first_name":"Tap1","language_code":"ru"},"chat":{"id":1337138335,"first_name":"Tap1","type":"private"},"date":1657805383,"text":"/start","entities":[{"offset":0,"length":6,"type":"bot_command"}]}},{"update_id":137782317,\n"message":{"message_id":223,"from":{"id":1337138335,"is_bot":false,"first_name":"Tap1","language_code":"ru"},"chat":{"id":1337138335,"first_name":"Tap1","type":"private"},"date":1657805684,"text":"/start","entities":[{"offset":0,"length":6,"type":"bot_command"}]}},{"update_id":137782318,\n"message":{"message_id":224,"from":{"id":1337138335,"is_bot":false,"first_name":"Tap1","language_code":"ru"},"chat":{"id":1337138335,"first_name":"Tap1","type":"private"},"date":1657805686,"text":"/start","entities":[{"offset":0,"length":6,"type":"bot_command"}]}},{"update_id":137782319,\n"message":{"message_id":225,"from":{"id":1337138335,"is_bot":false,"first_name":"Tap1","language_code":"ru"},"chat":{"id":1337138335,"first_name":"Tap1","type":"private"},"date":1657805687,"text":"/start","entities":[{"offset":0,"length":6,"type":"bot_command"}]}},{"update_id":137782320,\n"message":{"message_id":226,"from":{"id":1337138335,"is_bot":false,"first_name":"Tap1","language_code":"ru"},"chat":{"id":1337138335,"first_name":"Tap1","type":"private"},"date":1657805747,"text":"/start","entities":[{"offset":0,"length":6,"type":"bot_command"}]}},{"update_id":137782321,\n"message":{"message_id":227,"from":{"id":1337138335,"is_bot":false,"first_name":"Tap1","language_code":"ru"},"chat":{"id":1337138335,"first_name":"Tap1","type":"private"},"date":1657805812,"text":"\\\\start"}},{"update_id":137782322,\n"message":{"message_id":228,"from":{"id":1337138335,"is_bot":false,"first_name":"Tap1","language_code":"ru"},"chat":{"id":1337138335,"first_name":"Tap1","type":"private"},"date":1657805834,"text":"Ddff"}},{"update_id":137782323,\n"message":{"message_id":229,"from":{"id":1337138335,"is_bot":false,"first_name":"Tap1","language_code":"ru"},"chat":{"id":1337138335,"first_name":"Tap1","type":"private"},"date":1657805882,"text":"/start","entities":[{"offset":0,"length":6,"type":"bot_command"}]}}]}'"
16:38:30 | DEBUG | start_polling: 395 | Received 9 updates.
16:38:30 | DEBUG | make_request: 133 | Make request: "sendMessage" with data: "{'chat_id': 1337138335, 'text': 'привет Tap1,я бот который отправит тебеа  твоё же сообщение', 'reply_markup': '{"keyboard": [[{"text": "пожелание доброго утра"}, {"text": "пожелание доброй ночи"}]], "resize_keyboard": true, "one_time_keyboard": true}'}" and files "None"
16:38:30 | DEBUG | make_request: 133 | Make request: "sendMessage" with data: "{'chat_id': 1337138335, 'text': 'привет Tap1,я бот который отправит тебеа  твоё же сообщение', 'reply_markup': '{"keyboard": [[{"text": "пожелание доброго утра"}, {"text": "пожелание доброй ночи"}]], "resize_keyboard": true, "one_time_keyboard": true}'}" and files "None"
16:38:30 | DEBUG | make_request: 133 | Make request: "sendMessage" with data: "{'chat_id': 1337138335, 'text': 'привет Tap1,я бот который отправит тебеа  твоё же сообщение', 'reply_markup': '{"keyboard": [[{"text": "пожелание доброго утра"}, {"text": "пожелание доброй ночи"}]], "resize_keyboard": true, "one_time_keyboard": true}'}" and files "None"
16:38:30 | DEBUG | make_request: 133 | Make request: "sendMessage" with data: "{'chat_id': 1337138335, 'text': 'привет Tap1,я бот который отправит тебеа  твоё же сообщение', 'reply_markup': '{"keyboard": [[{"text": "пожелание доброго утра"}, {"text": "пожелание доброй ночи"}]], "resize_keyboard": true, "one_time_keyboard": true}'}" and files "None"
16:38:30 | DEBUG | make_request: 133 | Make request: "sendMessage" with data: "{'chat_id': 1337138335, 'text': 'привет Tap1,я бот который отправит тебеа  твоё же сообщение', 'reply_markup': '{"keyboard": [[{"text": "пожелание доброго утра"}, {"text": "пожелание доброй ночи"}]], "resize_keyboard": true, "one_time_keyboard": true}'}" and files "None"
16:38:30 | DEBUG | make_request: 133 | Make request: "sendMessage" with data: "{'chat_id': 1337138335, 'text': 'привет Tap1,я бот который отправит тебеа  твоё же сообщение', 'reply_markup': '{"keyboard": [[{"text": "пожелание доброго утра"}, {"text": "пожелание доброй ночи"}]], "resize_keyboard": true, "one_time_keyboard": true}'}" and files "None"
16:38:30 | DEBUG | make_request: 133 | Make request: "sendMessage" with data: "{'chat_id': 1337138335, 'text': '\\start', 'reply_to_message_id': 227}" and files "None"
16:38:30 | DEBUG | make_request: 133 | Make request: "sendMessage" with data: "{'chat_id': 1337138335, 'text': 'Ddff', 'reply_to_message_id': 228}" and files "None"
16:38:30 | DEBUG | make_request: 133 | Make request: "sendMessage" with data: "{'chat_id': 1337138335, 'text': 'привет Tap1,я бот который отправит тебеа  твоё же сообщение', 'reply_markup': '{"keyboard": [[{"text": "пожелание доброго утра"}, {"text": "пожелание доброй ночи"}]], "resize_keyboard": true, "one_time_keyboard": true}'}" and files "None"
16:38:30 | DEBUG | make_request: 133 | Make request: "getUpdates" with data: "{'offset': 137782324, 'timeout': 20}" and files "None"
16:38:30 | DEBUG | check_result: 95 | Response for sendMessage: [200] "'{"ok":true,"result":{"message_id":230,"from":{"id":5465904287,"is_bot":true,"first_name":"test","username":"test_Dorty_bot"},"chat":{"id":1337138335,"first_name":"Tap1","type":"private"},"date":1657805913,"text":"\\u043f\\u0440\\u0438\\u0432\\u0435\\u0442 Tap1,\\u044f \\u0431\\u043e\\u0442 \\u043a\\u043e\\u0442\\u043e\\u0440\\u044b\\u0439 \\u043e\\u0442\\u043f\\u0440\\u0430\\u0432\\u0438\\u0442 \\u0442\\u0435\\u0431\\u0435\\u0430  \\u0442\\u0432\\u043e\\u0451 \\u0436\\u0435 \\u0441\\u043e\\u043e\\u0431\\u0449\\u0435\\u043d\\u0438\\u0435"}}'"
16:38:30 | DEBUG | make_request: 133 | Make request: "sendMessage" with data: "{'chat_id': 1337138335, 'text': 'можешь узнать дату', 'reply_markup': '{"resize_keyboard": true, "inline_keyboard": [[{"text": "время и дата", "callback_data": "button_date"}]]}'}" and files "None"
16:38:30 | DEBUG | check_result: 95 | Response for sendMessage: [200] "'{"ok":true,"result":{"message_id":231,"from":{"id":5465904287,"is_bot":true,"first_name":"test","username":"test_Dorty_bot"},"chat":{"id":1337138335,"first_name":"Tap1","type":"private"},"date":1657805913,"text":"\\u043f\\u0440\\u0438\\u0432\\u0435\\u0442 Tap1,\\u044f \\u0431\\u043e\\u0442 \\u043a\\u043e\\u0442\\u043e\\u0440\\u044b\\u0439 \\u043e\\u0442\\u043f\\u0440\\u0430\\u0432\\u0438\\u0442 \\u0442\\u0435\\u0431\\u0435\\u0430  \\u0442\\u0432\\u043e\\u0451 \\u0436\\u0435 \\u0441\\u043e\\u043e\\u0431\\u0449\\u0435\\u043d\\u0438\\u0435"}}'"
16:38:30 | DEBUG | make_request: 133 | Make request: "sendMessage" with data: "{'chat_id': 1337138335, 'text': 'можешь узнать дату', 'reply_markup': '{"resize_keyboard": true, "inline_keyboard": [[{"text": "время и дата", "callback_data": "button_date"}]]}'}" and files "None"
16:38:30 | DEBUG | check_result: 95 | Response for sendMessage: [200] "'{"ok":true,"result":{"message_id":232,"from":{"id":5465904287,"is_bot":true,"first_name":"test","username":"test_Dorty_bot"},"chat":{"id":1337138335,"first_name":"Tap1","type":"private"},"date":1657805913,"reply_to_message":{"message_id":228,"from":{"id":1337138335,"is_bot":false,"first_name":"Tap1","language_code":"ru"},"chat":{"id":1337138335,"first_name":"Tap1","type":"private"},"date":1657805834,"text":"Ddff"},"text":"Ddff"}}'"
16:38:30 | DEBUG | check_result: 95 | Response for sendMessage: [200] "'{"ok":true,"result":{"message_id":233,"from":{"id":5465904287,"is_bot":true,"first_name":"test","username":"test_Dorty_bot"},"chat":{"id":1337138335,"first_name":"Tap1","type":"private"},"date":1657805913,"text":"\\u043f\\u0440\\u0438\\u0432\\u0435\\u0442 Tap1,\\u044f \\u0431\\u043e\\u0442 \\u043a\\u043e\\u0442\\u043e\\u0440\\u044b\\u0439 \\u043e\\u0442\\u043f\\u0440\\u0430\\u0432\\u0438\\u0442 \\u0442\\u0435\\u0431\\u0435\\u0430  \\u0442\\u0432\\u043e\\u0451 \\u0436\\u0435 \\u0441\\u043e\\u043e\\u0431\\u0449\\u0435\\u043d\\u0438\\u0435"}}'"
16:38:30 | DEBUG | make_request: 133 | Make request: "sendMessage" with data: "{'chat_id': 1337138335, 'text': 'можешь узнать дату', 'reply_markup': '{"resize_keyboard": true, "inline_keyboard": [[{"text": "время и дата", "callback_data": "button_date"}]]}'}" and files "None"
16:38:30 | DEBUG | check_result: 95 | Response for sendMessage: [200] "'{"ok":true,"result":{"message_id":234,"from":{"id":5465904287,"is_bot":true,"first_name":"test","username":"test_Dorty_bot"},"chat":{"id":1337138335,"first_name":"Tap1","type":"private"},"date":1657805913,"text":"\\u043f\\u0440\\u0438\\u0432\\u0435\\u0442 Tap1,\\u044f \\u0431\\u043e\\u0442 \\u043a\\u043e\\u0442\\u043e\\u0440\\u044b\\u0439 \\u043e\\u0442\\u043f\\u0440\\u0430\\u0432\\u0438\\u0442 \\u0442\\u0435\\u0431\\u0435\\u0430  \\u0442\\u0432\\u043e\\u0451 \\u0436\\u0435 \\u0441\\u043e\\u043e\\u0431\\u0449\\u0435\\u043d\\u0438\\u0435"}}'"
16:38:30 | DEBUG | make_request: 133 | Make request: "sendMessage" with data: "{'chat_id': 1337138335, 'text': 'можешь узнать дату', 'reply_markup': '{"resize_keyboard": true, "inline_keyboard": [[{"text": "время и дата", "callback_data": "button_date"}]]}'}" and files "None"
16:38:30 | DEBUG | check_result: 95 | Response for sendMessage: [200] "'{"ok":true,"result":{"message_id":235,"from":{"id":5465904287,"is_bot":true,"first_name":"test","username":"test_Dorty_bot"},"chat":{"id":1337138335,"first_name":"Tap1","type":"private"},"date":1657805913,"text":"\\u043f\\u0440\\u0438\\u0432\\u0435\\u0442 Tap1,\\u044f \\u0431\\u043e\\u0442 \\u043a\\u043e\\u0442\\u043e\\u0440\\u044b\\u0439 \\u043e\\u0442\\u043f\\u0440\\u0430\\u0432\\u0438\\u0442 \\u0442\\u0435\\u0431\\u0435\\u0430  \\u0442\\u0432\\u043e\\u0451 \\u0436\\u0435 \\u0441\\u043e\\u043e\\u0431\\u0449\\u0435\\u043d\\u0438\\u0435"}}'"
16:38:30 | DEBUG | make_request: 133 | Make request: "sendMessage" with data: "{'chat_id': 1337138335, 'text': 'можешь узнать дату', 'reply_markup': '{"resize_keyboard": true, "inline_keyboard": [[{"text": "время и дата", "callback_data": "button_date"}]]}'}" and files "None"
16:38:30 | DEBUG | check_result: 95 | Response for sendMessage: [200] "'{"ok":true,"result":{"message_id":236,"from":{"id":5465904287,"is_bot":true,"first_name":"test","username":"test_Dorty_bot"},"chat":{"id":1337138335,"first_name":"Tap1","type":"private"},"date":1657805913,"text":"\\u043f\\u0440\\u0438\\u0432\\u0435\\u0442 Tap1,\\u044f \\u0431\\u043e\\u0442 \\u043a\\u043e\\u0442\\u043e\\u0440\\u044b\\u0439 \\u043e\\u0442\\u043f\\u0440\\u0430\\u0432\\u0438\\u0442 \\u0442\\u0435\\u0431\\u0435\\u0430  \\u0442\\u0432\\u043e\\u0451 \\u0436\\u0435 \\u0441\\u043e\\u043e\\u0431\\u0449\\u0435\\u043d\\u0438\\u0435"}}'"
16:38:30 | DEBUG | make_request: 133 | Make request: "sendMessage" with data: "{'chat_id': 1337138335, 'text': 'можешь узнать дату', 'reply_markup': '{"resize_keyboard": true, "inline_keyboard": [[{"text": "время и дата", "callback_data": "button_date"}]]}'}" and files "None"
16:38:30 | DEBUG | check_result: 95 | Response for sendMessage: [200] "'{"ok":true,"result":{"message_id":237,"from":{"id":5465904287,"is_bot":true,"first_name":"test","username":"test_Dorty_bot"},"chat":{"id":1337138335,"first_name":"Tap1","type":"private"},"date":1657805913,"text":"\\u043f\\u0440\\u0438\\u0432\\u0435\\u0442 Tap1,\\u044f \\u0431\\u043e\\u0442 \\u043a\\u043e\\u0442\\u043e\\u0440\\u044b\\u0439 \\u043e\\u0442\\u043f\\u0440\\u0430\\u0432\\u0438\\u0442 \\u0442\\u0435\\u0431\\u0435\\u0430  \\u0442\\u0432\\u043e\\u0451 \\u0436\\u0435 \\u0441\\u043e\\u043e\\u0431\\u0449\\u0435\\u043d\\u0438\\u0435"}}'"
16:38:30 | DEBUG | make_request: 133 | Make request: "sendMessage" with data: "{'chat_id': 1337138335, 'text': 'можешь узнать дату', 'reply_markup': '{"resize_keyboard": true, "inline_keyboard": [[{"text": "время и дата", "callback_data": "button_date"}]]}'}" and files "None"
16:38:30 | DEBUG | check_result: 95 | Response for sendMessage: [200] "'{"ok":true,"result":{"message_id":238,"from":{"id":5465904287,"is_bot":true,"first_name":"test","username":"test_Dorty_bot"},"chat":{"id":1337138335,"first_name":"Tap1","type":"private"},"date":1657805913,"reply_to_message":{"message_id":227,"from":{"id":1337138335,"is_bot":false,"first_name":"Tap1","language_code":"ru"},"chat":{"id":1337138335,"first_name":"Tap1","type":"private"},"date":1657805812,"text":"\\\\start"},"text":"\\\\start"}}'"
16:38:30 | DEBUG | check_result: 95 | Response for sendMessage: [200] "'{"ok":true,"result":{"message_id":239,"from":{"id":5465904287,"is_bot":true,"first_name":"test","username":"test_Dorty_bot"},"chat":{"id":1337138335,"first_name":"Tap1","type":"private"},"date":1657805913,"text":"\\u043c\\u043e\\u0436\\u0435\\u0448\\u044c \\u0443\\u0437\\u043d\\u0430\\u0442\\u044c \\u0434\\u0430\\u0442\\u0443","reply_markup":{"inline_keyboard":[[{"text":"\\u0432\\u0440\\u0435\\u043c\\u044f \\u0438 \\u0434\\u0430\\u0442\\u0430","callback_data":"button_date"}]]}}}'"
16:38:30 | DEBUG | check_result: 95 | Response for sendMessage: [200] "'{"ok":true,"result":{"message_id":240,"from":{"id":5465904287,"is_bot":true,"first_name":"test","username":"test_Dorty_bot"},"chat":{"id":1337138335,"first_name":"Tap1","type":"private"},"date":1657805913,"text":"\\u043c\\u043e\\u0436\\u0435\\u0448\\u044c \\u0443\\u0437\\u043d\\u0430\\u0442\\u044c \\u0434\\u0430\\u0442\\u0443","reply_markup":{"inline_keyboard":[[{"text":"\\u0432\\u0440\\u0435\\u043c\\u044f \\u0438 \\u0434\\u0430\\u0442\\u0430","callback_data":"button_date"}]]}}}'"
16:38:30 | DEBUG | check_result: 95 | Response for sendMessage: [200] "'{"ok":true,"result":{"message_id":241,"from":{"id":5465904287,"is_bot":true,"first_name":"test","username":"test_Dorty_bot"},"chat":{"id":1337138335,"first_name":"Tap1","type":"private"},"date":1657805913,"text":"\\u043c\\u043e\\u0436\\u0435\\u0448\\u044c \\u0443\\u0437\\u043d\\u0430\\u0442\\u044c \\u0434\\u0430\\u0442\\u0443","reply_markup":{"inline_keyboard":[[{"text":"\\u0432\\u0440\\u0435\\u043c\\u044f \\u0438 \\u0434\\u0430\\u0442\\u0430","callback_data":"button_date"}]]}}}'"
16:38:30 | DEBUG | check_result: 95 | Response for sendMessage: [200] "'{"ok":true,"result":{"message_id":242,"from":{"id":5465904287,"is_bot":true,"first_name":"test","username":"test_Dorty_bot"},"chat":{"id":1337138335,"first_name":"Tap1","type":"private"},"date":1657805913,"text":"\\u043c\\u043e\\u0436\\u0435\\u0448\\u044c \\u0443\\u0437\\u043d\\u0430\\u0442\\u044c \\u0434\\u0430\\u0442\\u0443","reply_markup":{"inline_keyboard":[[{"text":"\\u0432\\u0440\\u0435\\u043c\\u044f \\u0438 \\u0434\\u0430\\u0442\\u0430","callback_data":"button_date"}]]}}}'"
16:38:30 | DEBUG | check_result: 95 | Response for sendMessage: [200] "'{"ok":true,"result":{"message_id":243,"from":{"id":5465904287,"is_bot":true,"first_name":"test","username":"test_Dorty_bot"},"chat":{"id":1337138335,"first_name":"Tap1","type":"private"},"date":1657805913,"text":"\\u043c\\u043e\\u0436\\u0435\\u0448\\u044c \\u0443\\u0437\\u043d\\u0430\\u0442\\u044c \\u0434\\u0430\\u0442\\u0443","reply_markup":{"inline_keyboard":[[{"text":"\\u0432\\u0440\\u0435\\u043c\\u044f \\u0438 \\u0434\\u0430\\u0442\\u0430","callback_data":"button_date"}]]}}}'"
16:38:30 | DEBUG | check_result: 95 | Response for sendMessage: [200] "'{"ok":true,"result":{"message_id":244,"from":{"id":5465904287,"is_bot":true,"first_name":"test","username":"test_Dorty_bot"},"chat":{"id":1337138335,"first_name":"Tap1","type":"private"},"date":1657805913,"text":"\\u043c\\u043e\\u0436\\u0435\\u0448\\u044c \\u0443\\u0437\\u043d\\u0430\\u0442\\u044c \\u0434\\u0430\\u0442\\u0443","reply_markup":{"inline_keyboard":[[{"text":"\\u0432\\u0440\\u0435\\u043c\\u044f \\u0438 \\u0434\\u0430\\u0442\\u0430","callback_data":"button_date"}]]}}}'"
16:38:30 | DEBUG | check_result: 95 | Response for sendMessage: [200] "'{"ok":true,"result":{"message_id":245,"from":{"id":5465904287,"is_bot":true,"first_name":"test","username":"test_Dorty_bot"},"chat":{"id":1337138335,"first_name":"Tap1","type":"private"},"date":1657805913,"text":"\\u043c\\u043e\\u0436\\u0435\\u0448\\u044c \\u0443\\u0437\\u043d\\u0430\\u0442\\u044c \\u0434\\u0430\\u0442\\u0443","reply_markup":{"inline_keyboard":[[{"text":"\\u0432\\u0440\\u0435\\u043c\\u044f \\u0438 \\u0434\\u0430\\u0442\\u0430","callback_data":"button_date"}]]}}}'"
16:38:33 | DEBUG | check_result: 95 | Response for getUpdates: [200] "'{"ok":true,"result":[{"update_id":137782324,\n"message":{"message_id":246,"from":{"id":1337138335,"is_bot":false,"first_name":"Tap1","language_code":"ru"},"chat":{"id":1337138335,"first_name":"Tap1","type":"private"},"date":1657805916,"text":"/start","entities":[{"offset":0,"length":6,"type":"bot_command"}]}}]}'"
16:38:33 | DEBUG | start_polling: 395 | Received 1 updates.
16:38:33 | DEBUG | make_request: 133 | Make request: "sendMessage" with data: "{'chat_id': 1337138335, 'text': 'привет Tap1,я бот который отправит тебеа  твоё же сообщение', 'reply_markup': '{"keyboard": [[{"text": "пожелание доброго утра"}, {"text": "пожелание доброй ночи"}]], "resize_keyboard": true, "one_time_keyboard": true}'}" and files "None"
16:38:34 | DEBUG | make_request: 133 | Make request: "getUpdates" with data: "{'offset': 137782325, 'timeout': 20}" and files "None"
16:38:34 | DEBUG | check_result: 95 | Response for sendMessage: [200] "'{"ok":true,"result":{"message_id":247,"from":{"id":5465904287,"is_bot":true,"first_name":"test","username":"test_Dorty_bot"},"chat":{"id":1337138335,"first_name":"Tap1","type":"private"},"date":1657805917,"text":"\\u043f\\u0440\\u0438\\u0432\\u0435\\u0442 Tap1,\\u044f \\u0431\\u043e\\u0442 \\u043a\\u043e\\u0442\\u043e\\u0440\\u044b\\u0439 \\u043e\\u0442\\u043f\\u0440\\u0430\\u0432\\u0438\\u0442 \\u0442\\u0435\\u0431\\u0435\\u0430  \\u0442\\u0432\\u043e\\u0451 \\u0436\\u0435 \\u0441\\u043e\\u043e\\u0431\\u0449\\u0435\\u043d\\u0438\\u0435"}}'"
16:38:34 | DEBUG | make_request: 133 | Make request: "sendMessage" with data: "{'chat_id': 1337138335, 'text': 'можешь узнать дату', 'reply_markup': '{"resize_keyboard": true, "inline_keyboard": [[{"text": "время и дата", "callback_data": "button_date"}]]}'}" and files "None"
16:38:34 | DEBUG | check_result: 95 | Response for sendMessage: [200] "'{"ok":true,"result":{"message_id":248,"from":{"id":5465904287,"is_bot":true,"first_name":"test","username":"test_Dorty_bot"},"chat":{"id":1337138335,"first_name":"Tap1","type":"private"},"date":1657805917,"text":"\\u043c\\u043e\\u0436\\u0435\\u0448\\u044c \\u0443\\u0437\\u043d\\u0430\\u0442\\u044c \\u0434\\u0430\\u0442\\u0443","reply_markup":{"inline_keyboard":[[{"text":"\\u0432\\u0440\\u0435\\u043c\\u044f \\u0438 \\u0434\\u0430\\u0442\\u0430","callback_data":"button_date"}]]}}}'"
16:38:36 | DEBUG | check_result: 95 | Response for getUpdates: [200] "'{"ok":true,"result":[{"update_id":137782325,\n"message":{"message_id":249,"from":{"id":1337138335,"is_bot":false,"first_name":"Tap1","language_code":"ru"},"chat":{"id":1337138335,"first_name":"Tap1","type":"private"},"date":1657805919,"text":"/start","entities":[{"offset":0,"length":6,"type":"bot_command"}]}}]}'"
16:38:36 | DEBUG | start_polling: 395 | Received 1 updates.
16:38:36 | DEBUG | make_request: 133 | Make request: "sendMessage" with data: "{'chat_id': 1337138335, 'text': 'привет Tap1,я бот который отправит тебеа  твоё же сообщение', 'reply_markup': '{"keyboard": [[{"text": "пожелание доброго утра"}, {"text": "пожелание доброй ночи"}]], "resize_keyboard": true, "one_time_keyboard": true}'}" and files "None"
16:38:36 | DEBUG | make_request: 133 | Make request: "getUpdates" with data: "{'offset': 137782326, 'timeout': 20}" and files "None"
16:38:36 | DEBUG | check_result: 95 | Response for sendMessage: [200] "'{"ok":true,"result":{"message_id":250,"from":{"id":5465904287,"is_bot":true,"first_name":"test","username":"test_Dorty_bot"},"chat":{"id":1337138335,"first_name":"Tap1","type":"private"},"date":1657805919,"text":"\\u043f\\u0440\\u0438\\u0432\\u0435\\u0442 Tap1,\\u044f \\u0431\\u043e\\u0442 \\u043a\\u043e\\u0442\\u043e\\u0440\\u044b\\u0439 \\u043e\\u0442\\u043f\\u0440\\u0430\\u0432\\u0438\\u0442 \\u0442\\u0435\\u0431\\u0435\\u0430  \\u0442\\u0432\\u043e\\u0451 \\u0436\\u0435 \\u0441\\u043e\\u043e\\u0431\\u0449\\u0435\\u043d\\u0438\\u0435"}}'"
16:38:36 | DEBUG | make_request: 133 | Make request: "sendMessage" with data: "{'chat_id': 1337138335, 'text': 'можешь узнать дату', 'reply_markup': '{"resize_keyboard": true, "inline_keyboard": [[{"text": "время и дата", "callback_data": "button_date"}]]}'}" and files "None"
16:38:36 | DEBUG | check_result: 95 | Response for sendMessage: [200] "'{"ok":true,"result":{"message_id":251,"from":{"id":5465904287,"is_bot":true,"first_name":"test","username":"test_Dorty_bot"},"chat":{"id":1337138335,"first_name":"Tap1","type":"private"},"date":1657805919,"text":"\\u043c\\u043e\\u0436\\u0435\\u0448\\u044c \\u0443\\u0437\\u043d\\u0430\\u0442\\u044c \\u0434\\u0430\\u0442\\u0443","reply_markup":{"inline_keyboard":[[{"text":"\\u0432\\u0440\\u0435\\u043c\\u044f \\u0438 \\u0434\\u0430\\u0442\\u0430","callback_data":"button_date"}]]}}}'"
16:38:41 | DEBUG | check_result: 95 | Response for getUpdates: [200] "'{"ok":true,"result":[{"update_id":137782326,\n"callback_query":{"id":"5742965419695462091","from":{"id":1337138335,"is_bot":false,"first_name":"Tap1","language_code":"ru"},"message":{"message_id":251,"from":{"id":5465904287,"is_bot":true,"first_name":"test","username":"test_Dorty_bot"},"chat":{"id":1337138335,"first_name":"Tap1","type":"private"},"date":1657805919,"text":"\\u043c\\u043e\\u0436\\u0435\\u0448\\u044c \\u0443\\u0437\\u043d\\u0430\\u0442\\u044c \\u0434\\u0430\\u0442\\u0443","reply_markup":{"inline_keyboard":[[{"text":"\\u0432\\u0440\\u0435\\u043c\\u044f \\u0438 \\u0434\\u0430\\u0442\\u0430","callback_data":"button_date"}]]}},"chat_instance":"-2769893959291530376","data":"button_date"}}]}'"
16:38:41 | DEBUG | start_polling: 395 | Received 1 updates.
16:38:41 | DEBUG | make_request: 133 | Make request: "answerCallbackQuery" with data: "{'callback_query_id': '5742965419695462091', 'text': 'кнопка сработала'}" and files "None"
16:38:41 | DEBUG | check_result: 95 | Response for answerCallbackQuery: [200] "'{"ok":true,"result":true}'"
16:38:41 | DEBUG | make_request: 133 | Make request: "sendMessage" with data: "{'chat_id': 1337138335, 'text': '14,07,2022,16:38:41'}" and files "None"
16:38:41 | DEBUG | make_request: 133 | Make request: "getUpdates" with data: "{'offset': 137782327, 'timeout': 20}" and files "None"
16:38:41 | DEBUG | check_result: 95 | Response for sendMessage: [200] "'{"ok":true,"result":{"message_id":252,"from":{"id":5465904287,"is_bot":true,"first_name":"test","username":"test_Dorty_bot"},"chat":{"id":1337138335,"first_name":"Tap1","type":"private"},"date":1657805924,"text":"14,07,2022,16:38:41"}}'"
16:39:01 | DEBUG | check_result: 95 | Response for getUpdates: [200] "'{"ok":true,"result":[]}'"
16:39:01 | DEBUG | make_request: 133 | Make request: "getUpdates" with data: "{'offset': 137782327, 'timeout': 20}" and files "None"
16:39:22 | DEBUG | check_result: 95 | Response for getUpdates: [200] "'{"ok":true,"result":[]}'"
16:39:22 | DEBUG | make_request: 133 | Make request: "getUpdates" with data: "{'offset': 137782327, 'timeout': 20}" and files "None"
16:39:42 | DEBUG | check_result: 95 | Response for getUpdates: [200] "'{"ok":true,"result":[]}'"
16:39:42 | DEBUG | make_request: 133 | Make request: "getUpdates" with data: "{'offset': 137782327, 'timeout': 20}" and files "None"
16:40:02 | DEBUG | check_result: 95 | Response for getUpdates: [200] "'{"ok":true,"result":[]}'"
16:40:02 | DEBUG | make_request: 133 | Make request: "getUpdates" with data: "{'offset': 137782327, 'timeout': 20}" and files "None"
16:40:22 | DEBUG | check_result: 95 | Response for getUpdates: [200] "'{"ok":true,"result":[]}'"
16:40:22 | DEBUG | make_request: 133 | Make request: "getUpdates" with data: "{'offset': 137782327, 'timeout': 20}" and files "None"
16:40:42 | DEBUG | check_result: 95 | Response for getUpdates: [200] "'{"ok":true,"result":[]}'"
16:40:42 | DEBUG | make_request: 133 | Make request: "getUpdates" with data: "{'offset': 137782327, 'timeout': 20}" and files "None"
16:41:02 | DEBUG | check_result: 95 | Response for getUpdates: [200] "'{"ok":true,"result":[]}'"
16:41:03 | DEBUG | make_request: 133 | Make request: "getUpdates" with data: "{'offset': 137782327, 'timeout': 20}" and files "None"
16:41:23 | DEBUG | check_result: 95 | Response for getUpdates: [200] "'{"ok":true,"result":[]}'"
16:41:23 | DEBUG | make_request: 133 | Make request: "getUpdates" with data: "{'offset': 137782327, 'timeout': 20}" and files "None"
16:41:43 | DEBUG | check_result: 95 | Response for getUpdates: [200] "'{"ok":true,"result":[]}'"
16:41:43 | DEBUG | make_request: 133 | Make request: "getUpdates" with data: "{'offset': 137782327, 'timeout': 20}" and files "None"
16:42:03 | DEBUG | check_result: 95 | Response for getUpdates: [200] "'{"ok":true,"result":[]}'"
16:42:03 | DEBUG | make_request: 133 | Make request: "getUpdates" with data: "{'offset': 137782327, 'timeout': 20}" and files "None"
16:42:23 | DEBUG | check_result: 95 | Response for getUpdates: [200] "'{"ok":true,"result":[]}'"
16:42:23 | DEBUG | make_request: 133 | Make request: "getUpdates" with data: "{'offset': 137782327, 'timeout': 20}" and files "None"
16:42:43 | DEBUG | check_result: 95 | Response for getUpdates: [200] "'{"ok":true,"result":[]}'"
16:42:44 | DEBUG | make_request: 133 | Make request: "getUpdates" with data: "{'offset': 137782327, 'timeout': 20}" and files "None"
16:43:04 | DEBUG | check_result: 95 | Response for getUpdates: [200] "'{"ok":true,"result":[]}'"
16:43:04 | DEBUG | make_request: 133 | Make request: "getUpdates" with data: "{'offset': 137782327, 'timeout': 20}" and files "None"
16:43:24 | DEBUG | check_result: 95 | Response for getUpdates: [200] "'{"ok":true,"result":[]}'"
16:43:24 | DEBUG | make_request: 133 | Make request: "getUpdates" with data: "{'offset': 137782327, 'timeout': 20}" and files "None"
16:43:44 | DEBUG | check_result: 95 | Response for getUpdates: [200] "'{"ok":true,"result":[]}'"
16:43:44 | DEBUG | make_request: 133 | Make request: "getUpdates" with data: "{'offset': 137782327, 'timeout': 20}" and files "None"
16:44:04 | DEBUG | check_result: 95 | Response for getUpdates: [200] "'{"ok":true,"result":[]}'"
16:44:04 | DEBUG | make_request: 133 | Make request: "getUpdates" with data: "{'offset': 137782327, 'timeout': 20}" and files "None"
16:44:24 | DEBUG | check_result: 95 | Response for getUpdates: [200] "'{"ok":true,"result":[]}'"
16:44:24 | DEBUG | make_request: 133 | Make request: "getUpdates" with data: "{'offset': 137782327, 'timeout': 20}" and files "None"
16:44:45 | DEBUG | check_result: 95 | Response for getUpdates: [200] "'{"ok":true,"result":[]}'"
16:44:45 | DEBUG | make_request: 133 | Make request: "getUpdates" with data: "{'offset': 137782327, 'timeout': 20}" and files "None"
16:45:05 | DEBUG | check_result: 95 | Response for getUpdates: [200] "'{"ok":true,"result":[]}'"
16:45:05 | DEBUG | make_request: 133 | Make request: "getUpdates" with data: "{'offset': 137782327, 'timeout': 20}" and files "None"
16:45:25 | DEBUG | check_result: 95 | Response for getUpdates: [200] "'{"ok":true,"result":[]}'"
16:45:25 | DEBUG | make_request: 133 | Make request: "getUpdates" with data: "{'offset': 137782327, 'timeout': 20}" and files "None"
16:45:45 | DEBUG | check_result: 95 | Response for getUpdates: [200] "'{"ok":true,"result":[]}'"
16:45:45 | DEBUG | make_request: 133 | Make request: "getUpdates" with data: "{'offset': 137782327, 'timeout': 20}" and files "None"
16:46:05 | DEBUG | check_result: 95 | Response for getUpdates: [200] "'{"ok":true,"result":[]}'"
16:46:05 | DEBUG | make_request: 133 | Make request: "getUpdates" with data: "{'offset': 137782327, 'timeout': 20}" and files "None"
16:46:08 | INFO | stop_polling: 433 | Stop polling...
16:46:08 | WARNING | start_polling: 329 | Goodbye!
