17:00:04 | DEBUG | __init__: 623 | Using proactor: IocpProactor
17:00:04 | DEBUG | make_request: 133 | Make request: "getMe" with data: "{}" and files "None"
17:00:04 | DEBUG | check_result: 95 | Response for getMe: [200] "'{"ok":true,"result":{"id":5465904287,"is_bot":true,"first_name":"test","username":"test_Dorty_bot","can_join_groups":true,"can_read_all_group_messages":false,"supports_inline_queries":false}}'"
17:00:04 | INFO | _welcome: 362 | Bot: test [@test_Dorty_bot]
17:00:04 | INFO | start_polling: 358 | Start polling.
17:00:04 | DEBUG | make_request: 133 | Make request: "getWebhookInfo" with data: "{}" and files "None"
17:00:04 | DEBUG | check_result: 95 | Response for getWebhookInfo: [200] "'{"ok":true,"result":{"url":"","has_custom_certificate":false,"pending_update_count":0}}'"
17:00:04 | DEBUG | make_request: 133 | Make request: "getUpdates" with data: "{'timeout': 20}" and files "None"
17:00:19 | DEBUG | check_result: 95 | Response for getUpdates: [200] "'{"ok":true,"result":[{"update_id":137782228,\n"message":{"message_id":98,"from":{"id":1337138335,"is_bot":false,"first_name":"Tap1","language_code":"ru"},"chat":{"id":1337138335,"first_name":"Tap1","type":"private"},"date":1657634418,"text":"d]\\\\adad"}}]}'"
17:00:19 | DEBUG | start_polling: 395 | Received 1 updates.
17:00:19 | DEBUG | make_request: 133 | Make request: "sendMessage" with data: "{'chat_id': 1337138335, 'text': 'd]\\adad'}" and files "None"
17:00:19 | DEBUG | make_request: 133 | Make request: "getUpdates" with data: "{'offset': 137782229, 'timeout': 20}" and files "None"
17:00:19 | DEBUG | check_result: 95 | Response for sendMessage: [200] "'{"ok":true,"result":{"message_id":100,"from":{"id":5465904287,"is_bot":true,"first_name":"test","username":"test_Dorty_bot"},"chat":{"id":1337138335,"first_name":"Tap1","type":"private"},"date":1657634419,"text":"d]\\\\adad"}}'"
17:00:20 | DEBUG | check_result: 95 | Response for getUpdates: [200] "'{"ok":true,"result":[{"update_id":137782229,\n"message":{"message_id":99,"from":{"id":1337138335,"is_bot":false,"first_name":"Tap1","language_code":"ru"},"chat":{"id":1337138335,"first_name":"Tap1","type":"private"},"date":1657634419,"text":"a"}},{"update_id":137782230,\n"message":{"message_id":101,"from":{"id":1337138335,"is_bot":false,"first_name":"Tap1","language_code":"ru"},"chat":{"id":1337138335,"first_name":"Tap1","type":"private"},"date":1657634419,"text":"ad"}},{"update_id":137782231,\n"message":{"message_id":102,"from":{"id":1337138335,"is_bot":false,"first_name":"Tap1","language_code":"ru"},"chat":{"id":1337138335,"first_name":"Tap1","type":"private"},"date":1657634419,"text":"a"}},{"update_id":137782232,\n"message":{"message_id":103,"from":{"id":1337138335,"is_bot":false,"first_name":"Tap1","language_code":"ru"},"chat":{"id":1337138335,"first_name":"Tap1","type":"private"},"date":1657634419,"text":"d"}}]}'"
17:00:20 | DEBUG | start_polling: 395 | Received 4 updates.
17:00:20 | DEBUG | make_request: 133 | Make request: "sendMessage" with data: "{'chat_id': 1337138335, 'text': 'a'}" and files "None"
17:00:20 | DEBUG | make_request: 133 | Make request: "sendMessage" with data: "{'chat_id': 1337138335, 'text': 'ad'}" and files "None"
17:00:20 | DEBUG | make_request: 133 | Make request: "sendMessage" with data: "{'chat_id': 1337138335, 'text': 'a'}" and files "None"
17:00:20 | DEBUG | make_request: 133 | Make request: "sendMessage" with data: "{'chat_id': 1337138335, 'text': 'd'}" and files "None"
17:00:20 | DEBUG | make_request: 133 | Make request: "getUpdates" with data: "{'offset': 137782233, 'timeout': 20}" and files "None"
17:00:20 | DEBUG | check_result: 95 | Response for sendMessage: [200] "'{"ok":true,"result":{"message_id":107,"from":{"id":5465904287,"is_bot":true,"first_name":"test","username":"test_Dorty_bot"},"chat":{"id":1337138335,"first_name":"Tap1","type":"private"},"date":1657634420,"text":"a"}}'"
17:00:20 | DEBUG | check_result: 95 | Response for sendMessage: [200] "'{"ok":true,"result":{"message_id":105,"from":{"id":5465904287,"is_bot":true,"first_name":"test","username":"test_Dorty_bot"},"chat":{"id":1337138335,"first_name":"Tap1","type":"private"},"date":1657634420,"text":"ad"}}'"
17:00:20 | DEBUG | check_result: 95 | Response for getUpdates: [200] "'{"ok":true,"result":[{"update_id":137782233,\n"message":{"message_id":104,"from":{"id":1337138335,"is_bot":false,"first_name":"Tap1","language_code":"ru"},"chat":{"id":1337138335,"first_name":"Tap1","type":"private"},"date":1657634419,"text":"a"}}]}'"
17:00:20 | DEBUG | start_polling: 395 | Received 1 updates.
17:00:20 | DEBUG | make_request: 133 | Make request: "sendMessage" with data: "{'chat_id': 1337138335, 'text': 'a'}" and files "None"
17:00:20 | DEBUG | check_result: 95 | Response for sendMessage: [200] "'{"ok":true,"result":{"message_id":109,"from":{"id":5465904287,"is_bot":true,"first_name":"test","username":"test_Dorty_bot"},"chat":{"id":1337138335,"first_name":"Tap1","type":"private"},"date":1657634420,"text":"d"}}'"
17:00:20 | DEBUG | check_result: 95 | Response for sendMessage: [200] "'{"ok":true,"result":{"message_id":106,"from":{"id":5465904287,"is_bot":true,"first_name":"test","username":"test_Dorty_bot"},"chat":{"id":1337138335,"first_name":"Tap1","type":"private"},"date":1657634420,"text":"a"}}'"
17:00:20 | DEBUG | make_request: 133 | Make request: "getUpdates" with data: "{'offset': 137782234, 'timeout': 20}" and files "None"
17:00:20 | DEBUG | check_result: 95 | Response for sendMessage: [200] "'{"ok":true,"result":{"message_id":110,"from":{"id":5465904287,"is_bot":true,"first_name":"test","username":"test_Dorty_bot"},"chat":{"id":1337138335,"first_name":"Tap1","type":"private"},"date":1657634420,"text":"a"}}'"
17:00:20 | DEBUG | check_result: 95 | Response for getUpdates: [200] "'{"ok":true,"result":[{"update_id":137782234,\n"message":{"message_id":108,"from":{"id":1337138335,"is_bot":false,"first_name":"Tap1","language_code":"ru"},"chat":{"id":1337138335,"first_name":"Tap1","type":"private"},"date":1657634420,"text":"ad"}}]}'"
17:00:20 | DEBUG | start_polling: 395 | Received 1 updates.
17:00:20 | DEBUG | make_request: 133 | Make request: "sendMessage" with data: "{'chat_id': 1337138335, 'text': 'ad'}" and files "None"
17:00:21 | DEBUG | make_request: 133 | Make request: "getUpdates" with data: "{'offset': 137782235, 'timeout': 20}" and files "None"
17:00:21 | DEBUG | check_result: 95 | Response for getUpdates: [200] "'{"ok":true,"result":[{"update_id":137782235,\n"message":{"message_id":111,"from":{"id":1337138335,"is_bot":false,"first_name":"Tap1","language_code":"ru"},"chat":{"id":1337138335,"first_name":"Tap1","type":"private"},"date":1657634420,"text":"ad"}}]}'"
17:00:21 | DEBUG | start_polling: 395 | Received 1 updates.
17:00:21 | DEBUG | make_request: 133 | Make request: "sendMessage" with data: "{'chat_id': 1337138335, 'text': 'ad'}" and files "None"
17:00:21 | DEBUG | make_request: 133 | Make request: "getUpdates" with data: "{'offset': 137782236, 'timeout': 20}" and files "None"
17:00:21 | DEBUG | check_result: 95 | Response for sendMessage: [200] "'{"ok":true,"result":{"message_id":112,"from":{"id":5465904287,"is_bot":true,"first_name":"test","username":"test_Dorty_bot"},"chat":{"id":1337138335,"first_name":"Tap1","type":"private"},"date":1657634420,"text":"ad"}}'"
17:00:21 | DEBUG | check_result: 95 | Response for sendMessage: [200] "'{"ok":true,"result":{"message_id":113,"from":{"id":5465904287,"is_bot":true,"first_name":"test","username":"test_Dorty_bot"},"chat":{"id":1337138335,"first_name":"Tap1","type":"private"},"date":1657634421,"text":"ad"}}'"
17:00:22 | DEBUG | check_result: 95 | Response for getUpdates: [200] "'{"ok":true,"result":[{"update_id":137782236,\n"message":{"message_id":114,"from":{"id":1337138335,"is_bot":false,"first_name":"Tap1","language_code":"ru"},"chat":{"id":1337138335,"first_name":"Tap1","type":"private"},"date":1657634422,"text":"ada"}}]}'"
17:00:22 | DEBUG | start_polling: 395 | Received 1 updates.
17:00:22 | DEBUG | make_request: 133 | Make request: "sendMessage" with data: "{'chat_id': 1337138335, 'text': 'ada'}" and files "None"
17:00:22 | DEBUG | make_request: 133 | Make request: "getUpdates" with data: "{'offset': 137782237, 'timeout': 20}" and files "None"
17:00:22 | DEBUG | check_result: 95 | Response for sendMessage: [200] "'{"ok":true,"result":{"message_id":115,"from":{"id":5465904287,"is_bot":true,"first_name":"test","username":"test_Dorty_bot"},"chat":{"id":1337138335,"first_name":"Tap1","type":"private"},"date":1657634422,"text":"ada"}}'"
17:00:26 | DEBUG | check_result: 95 | Response for getUpdates: [200] "'{"ok":true,"result":[{"update_id":137782237,\n"message":{"message_id":116,"from":{"id":1337138335,"is_bot":false,"first_name":"Tap1","language_code":"ru"},"chat":{"id":1337138335,"first_name":"Tap1","type":"private"},"date":1657634426,"text":"x"}}]}'"
17:00:26 | DEBUG | start_polling: 395 | Received 1 updates.
17:00:26 | DEBUG | make_request: 133 | Make request: "sendMessage" with data: "{'chat_id': 1337138335, 'text': 'x'}" and files "None"
17:00:26 | DEBUG | make_request: 133 | Make request: "getUpdates" with data: "{'offset': 137782238, 'timeout': 20}" and files "None"
17:00:26 | DEBUG | check_result: 95 | Response for sendMessage: [200] "'{"ok":true,"result":{"message_id":117,"from":{"id":5465904287,"is_bot":true,"first_name":"test","username":"test_Dorty_bot"},"chat":{"id":1337138335,"first_name":"Tap1","type":"private"},"date":1657634426,"text":"x"}}'"
17:00:27 | DEBUG | check_result: 95 | Response for getUpdates: [200] "'{"ok":true,"result":[{"update_id":137782238,\n"message":{"message_id":118,"from":{"id":1337138335,"is_bot":false,"first_name":"Tap1","language_code":"ru"},"chat":{"id":1337138335,"first_name":"Tap1","type":"private"},"date":1657634427,"text":"\\\\"}}]}'"
17:00:27 | DEBUG | start_polling: 395 | Received 1 updates.
17:00:27 | DEBUG | make_request: 133 | Make request: "sendMessage" with data: "{'chat_id': 1337138335, 'text': '\\'}" and files "None"
17:00:27 | DEBUG | make_request: 133 | Make request: "getUpdates" with data: "{'offset': 137782239, 'timeout': 20}" and files "None"
17:00:27 | DEBUG | check_result: 95 | Response for sendMessage: [200] "'{"ok":true,"result":{"message_id":119,"from":{"id":5465904287,"is_bot":true,"first_name":"test","username":"test_Dorty_bot"},"chat":{"id":1337138335,"first_name":"Tap1","type":"private"},"date":1657634427,"text":"\\\\"}}'"
17:00:47 | DEBUG | check_result: 95 | Response for getUpdates: [200] "'{"ok":true,"result":[]}'"
17:00:48 | DEBUG | make_request: 133 | Make request: "getUpdates" with data: "{'offset': 137782239, 'timeout': 20}" and files "None"
17:01:08 | DEBUG | check_result: 95 | Response for getUpdates: [200] "'{"ok":true,"result":[]}'"
17:01:08 | DEBUG | make_request: 133 | Make request: "getUpdates" with data: "{'offset': 137782239, 'timeout': 20}" and files "None"
17:01:28 | DEBUG | check_result: 95 | Response for getUpdates: [200] "'{"ok":true,"result":[]}'"
17:01:28 | DEBUG | make_request: 133 | Make request: "getUpdates" with data: "{'offset': 137782239, 'timeout': 20}" and files "None"
17:01:48 | DEBUG | check_result: 95 | Response for getUpdates: [200] "'{"ok":true,"result":[]}'"
17:01:48 | DEBUG | make_request: 133 | Make request: "getUpdates" with data: "{'offset': 137782239, 'timeout': 20}" and files "None"
17:02:08 | DEBUG | check_result: 95 | Response for getUpdates: [200] "'{"ok":true,"result":[]}'"
17:02:08 | DEBUG | make_request: 133 | Make request: "getUpdates" with data: "{'offset': 137782239, 'timeout': 20}" and files "None"
17:02:28 | DEBUG | check_result: 95 | Response for getUpdates: [200] "'{"ok":true,"result":[]}'"
17:02:28 | DEBUG | make_request: 133 | Make request: "getUpdates" with data: "{'offset': 137782239, 'timeout': 20}" and files "None"
17:02:49 | DEBUG | check_result: 95 | Response for getUpdates: [200] "'{"ok":true,"result":[]}'"
17:02:49 | DEBUG | make_request: 133 | Make request: "getUpdates" with data: "{'offset': 137782239, 'timeout': 20}" and files "None"
17:03:09 | DEBUG | check_result: 95 | Response for getUpdates: [200] "'{"ok":true,"result":[]}'"
17:03:09 | DEBUG | make_request: 133 | Make request: "getUpdates" with data: "{'offset': 137782239, 'timeout': 20}" and files "None"
17:03:29 | DEBUG | check_result: 95 | Response for getUpdates: [200] "'{"ok":true,"result":[]}'"
17:03:29 | DEBUG | make_request: 133 | Make request: "getUpdates" with data: "{'offset': 137782239, 'timeout': 20}" and files "None"
17:03:49 | DEBUG | check_result: 95 | Response for getUpdates: [200] "'{"ok":true,"result":[]}'"
17:03:49 | DEBUG | make_request: 133 | Make request: "getUpdates" with data: "{'offset': 137782239, 'timeout': 20}" and files "None"
17:04:09 | DEBUG | check_result: 95 | Response for getUpdates: [200] "'{"ok":true,"result":[]}'"
17:04:09 | DEBUG | make_request: 133 | Make request: "getUpdates" with data: "{'offset': 137782239, 'timeout': 20}" and files "None"
17:04:29 | DEBUG | check_result: 95 | Response for getUpdates: [200] "'{"ok":true,"result":[]}'"
17:04:30 | DEBUG | make_request: 133 | Make request: "getUpdates" with data: "{'offset': 137782239, 'timeout': 20}" and files "None"
17:04:50 | DEBUG | check_result: 95 | Response for getUpdates: [200] "'{"ok":true,"result":[]}'"
17:04:50 | DEBUG | make_request: 133 | Make request: "getUpdates" with data: "{'offset': 137782239, 'timeout': 20}" and files "None"
13:54:49 | DEBUG | __init__: 623 | Using proactor: IocpProactor
13:54:49 | DEBUG | make_request: 133 | Make request: "getMe" with data: "{}" and files "None"
13:54:49 | DEBUG | check_result: 95 | Response for getMe: [200] "'{"ok":true,"result":{"id":5465904287,"is_bot":true,"first_name":"test","username":"test_Dorty_bot","can_join_groups":true,"can_read_all_group_messages":false,"supports_inline_queries":false}}'"
13:54:49 | INFO | _welcome: 362 | Bot: test [@test_Dorty_bot]
13:54:49 | INFO | start_polling: 358 | Start polling.
13:54:49 | DEBUG | make_request: 133 | Make request: "getWebhookInfo" with data: "{}" and files "None"
13:54:49 | DEBUG | check_result: 95 | Response for getWebhookInfo: [200] "'{"ok":true,"result":{"url":"","has_custom_certificate":false,"pending_update_count":3}}'"
13:54:49 | DEBUG | make_request: 133 | Make request: "getUpdates" with data: "{'timeout': 20}" and files "None"
13:54:49 | DEBUG | check_result: 95 | Response for getUpdates: [200] "'{"ok":true,"result":[{"update_id":137782239,\n"message":{"message_id":120,"from":{"id":1337138335,"is_bot":false,"first_name":"Tap1","language_code":"ru"},"chat":{"id":1337138335,"first_name":"Tap1","type":"private"},"date":1657653795,"text":"\\u0410"}},{"update_id":137782240,\n"message":{"message_id":121,"from":{"id":1337138335,"is_bot":false,"first_name":"Tap1","language_code":"ru"},"chat":{"id":1337138335,"first_name":"Tap1","type":"private"},"date":1657653797,"text":"\\u0411"}},{"update_id":137782241,\n"message":{"message_id":122,"from":{"id":1337138335,"is_bot":false,"first_name":"Tap1","language_code":"ru"},"chat":{"id":1337138335,"first_name":"Tap1","type":"private"},"date":1657653799,"text":"\\u0426"}}]}'"
13:54:49 | DEBUG | start_polling: 395 | Received 3 updates.
13:54:49 | DEBUG | make_request: 133 | Make request: "sendMessage" with data: "{'chat_id': 1337138335, 'text': '¿'}" and files "None"
13:54:50 | DEBUG | make_request: 133 | Make request: "sendMessage" with data: "{'chat_id': 1337138335, 'text': '¡'}" and files "None"
13:54:50 | DEBUG | make_request: 133 | Make request: "sendMessage" with data: "{'chat_id': 1337138335, 'text': '÷'}" and files "None"
13:54:50 | DEBUG | make_request: 133 | Make request: "getUpdates" with data: "{'offset': 137782242, 'timeout': 20}" and files "None"
13:54:50 | DEBUG | check_result: 95 | Response for sendMessage: [200] "'{"ok":true,"result":{"message_id":123,"from":{"id":5465904287,"is_bot":true,"first_name":"test","username":"test_Dorty_bot"},"chat":{"id":1337138335,"first_name":"Tap1","type":"private"},"date":1657709690,"text":"\\u0410"}}'"
13:54:50 | DEBUG | check_result: 95 | Response for sendMessage: [200] "'{"ok":true,"result":{"message_id":124,"from":{"id":5465904287,"is_bot":true,"first_name":"test","username":"test_Dorty_bot"},"chat":{"id":1337138335,"first_name":"Tap1","type":"private"},"date":1657709690,"text":"\\u0426"}}'"
13:54:50 | DEBUG | check_result: 95 | Response for sendMessage: [200] "'{"ok":true,"result":{"message_id":125,"from":{"id":5465904287,"is_bot":true,"first_name":"test","username":"test_Dorty_bot"},"chat":{"id":1337138335,"first_name":"Tap1","type":"private"},"date":1657709690,"text":"\\u0411"}}'"
13:55:10 | DEBUG | check_result: 95 | Response for getUpdates: [200] "'{"ok":true,"result":[]}'"
13:55:10 | DEBUG | make_request: 133 | Make request: "getUpdates" with data: "{'offset': 137782242, 'timeout': 20}" and files "None"
13:55:30 | DEBUG | check_result: 95 | Response for getUpdates: [200] "'{"ok":true,"result":[]}'"
13:55:30 | DEBUG | make_request: 133 | Make request: "getUpdates" with data: "{'offset': 137782242, 'timeout': 20}" and files "None"
13:55:30 | DEBUG | check_result: 95 | Response for getUpdates: [200] "'{"ok":true,"result":[{"update_id":137782242,\n"message":{"message_id":126,"from":{"id":1337138335,"is_bot":false,"first_name":"Tap1","language_code":"ru"},"chat":{"id":1337138335,"first_name":"Tap1","type":"private"},"date":1657709730,"text":"\\u041e"}}]}'"
13:55:30 | DEBUG | start_polling: 395 | Received 1 updates.
13:55:30 | DEBUG | make_request: 133 | Make request: "sendMessage" with data: "{'chat_id': 1337138335, 'text': 'Œ'}" and files "None"
13:55:30 | DEBUG | check_result: 95 | Response for sendMessage: [200] "'{"ok":true,"result":{"message_id":127,"from":{"id":5465904287,"is_bot":true,"first_name":"test","username":"test_Dorty_bot"},"chat":{"id":1337138335,"first_name":"Tap1","type":"private"},"date":1657709730,"text":"\\u041e"}}'"
13:55:30 | DEBUG | make_request: 133 | Make request: "getUpdates" with data: "{'offset': 137782243, 'timeout': 20}" and files "None"
13:55:32 | DEBUG | check_result: 95 | Response for getUpdates: [200] "'{"ok":true,"result":[{"update_id":137782243,\n"message":{"message_id":128,"from":{"id":1337138335,"is_bot":false,"first_name":"Tap1","language_code":"ru"},"chat":{"id":1337138335,"first_name":"Tap1","type":"private"},"date":1657709732,"text":"\\u041e\\u0430"}}]}'"
13:55:32 | DEBUG | start_polling: 395 | Received 1 updates.
13:55:32 | DEBUG | make_request: 133 | Make request: "sendMessage" with data: "{'chat_id': 1337138335, 'text': 'Œ‡'}" and files "None"
13:55:32 | DEBUG | check_result: 95 | Response for sendMessage: [200] "'{"ok":true,"result":{"message_id":129,"from":{"id":5465904287,"is_bot":true,"first_name":"test","username":"test_Dorty_bot"},"chat":{"id":1337138335,"first_name":"Tap1","type":"private"},"date":1657709732,"text":"\\u041e\\u0430"}}'"
13:55:32 | DEBUG | make_request: 133 | Make request: "getUpdates" with data: "{'offset': 137782244, 'timeout': 20}" and files "None"
13:55:33 | DEBUG | check_result: 95 | Response for getUpdates: [200] "'{"ok":true,"result":[{"update_id":137782244,\n"message":{"message_id":130,"from":{"id":1337138335,"is_bot":false,"first_name":"Tap1","language_code":"ru"},"chat":{"id":1337138335,"first_name":"Tap1","type":"private"},"date":1657709732,"text":"\\u0410\\u0430"}}]}'"
13:55:33 | DEBUG | start_polling: 395 | Received 1 updates.
13:55:33 | DEBUG | make_request: 133 | Make request: "sendMessage" with data: "{'chat_id': 1337138335, 'text': '¿‡'}" and files "None"
13:55:33 | DEBUG | make_request: 133 | Make request: "getUpdates" with data: "{'offset': 137782245, 'timeout': 20}" and files "None"
13:55:33 | DEBUG | check_result: 95 | Response for sendMessage: [200] "'{"ok":true,"result":{"message_id":131,"from":{"id":5465904287,"is_bot":true,"first_name":"test","username":"test_Dorty_bot"},"chat":{"id":1337138335,"first_name":"Tap1","type":"private"},"date":1657709733,"text":"\\u0410\\u0430"}}'"
13:55:33 | DEBUG | check_result: 95 | Response for getUpdates: [200] "'{"ok":true,"result":[{"update_id":137782245,\n"message":{"message_id":132,"from":{"id":1337138335,"is_bot":false,"first_name":"Tap1","language_code":"ru"},"chat":{"id":1337138335,"first_name":"Tap1","type":"private"},"date":1657709733,"text":"\\u0410"}}]}'"
13:55:33 | DEBUG | start_polling: 395 | Received 1 updates.
13:55:33 | DEBUG | make_request: 133 | Make request: "sendMessage" with data: "{'chat_id': 1337138335, 'text': '¿'}" and files "None"
13:55:33 | DEBUG | make_request: 133 | Make request: "getUpdates" with data: "{'offset': 137782246, 'timeout': 20}" and files "None"
13:55:33 | DEBUG | check_result: 95 | Response for sendMessage: [200] "'{"ok":true,"result":{"message_id":133,"from":{"id":5465904287,"is_bot":true,"first_name":"test","username":"test_Dorty_bot"},"chat":{"id":1337138335,"first_name":"Tap1","type":"private"},"date":1657709733,"text":"\\u0410"}}'"
13:55:34 | DEBUG | check_result: 95 | Response for getUpdates: [200] "'{"ok":true,"result":[{"update_id":137782246,\n"message":{"message_id":134,"from":{"id":1337138335,"is_bot":false,"first_name":"Tap1","language_code":"ru"},"chat":{"id":1337138335,"first_name":"Tap1","type":"private"},"date":1657709734,"text":"\\u0410\\u0430"}}]}'"
13:55:34 | DEBUG | start_polling: 395 | Received 1 updates.
13:55:34 | DEBUG | make_request: 133 | Make request: "sendMessage" with data: "{'chat_id': 1337138335, 'text': '¿‡'}" and files "None"
13:55:34 | DEBUG | make_request: 133 | Make request: "getUpdates" with data: "{'offset': 137782247, 'timeout': 20}" and files "None"
13:55:34 | DEBUG | check_result: 95 | Response for sendMessage: [200] "'{"ok":true,"result":{"message_id":135,"from":{"id":5465904287,"is_bot":true,"first_name":"test","username":"test_Dorty_bot"},"chat":{"id":1337138335,"first_name":"Tap1","type":"private"},"date":1657709734,"text":"\\u0410\\u0430"}}'"
13:55:35 | DEBUG | check_result: 95 | Response for getUpdates: [200] "'{"ok":true,"result":[{"update_id":137782247,\n"message":{"message_id":136,"from":{"id":1337138335,"is_bot":false,"first_name":"Tap1","language_code":"ru"},"chat":{"id":1337138335,"first_name":"Tap1","type":"private"},"date":1657709734,"text":"\\u0410\\u0430"}}]}'"
13:55:35 | DEBUG | start_polling: 395 | Received 1 updates.
13:55:35 | DEBUG | make_request: 133 | Make request: "sendMessage" with data: "{'chat_id': 1337138335, 'text': '¿‡'}" and files "None"
13:55:35 | DEBUG | make_request: 133 | Make request: "getUpdates" with data: "{'offset': 137782248, 'timeout': 20}" and files "None"
13:55:35 | DEBUG | check_result: 95 | Response for sendMessage: [200] "'{"ok":true,"result":{"message_id":137,"from":{"id":5465904287,"is_bot":true,"first_name":"test","username":"test_Dorty_bot"},"chat":{"id":1337138335,"first_name":"Tap1","type":"private"},"date":1657709735,"text":"\\u0410\\u0430"}}'"
13:55:37 | DEBUG | check_result: 95 | Response for getUpdates: [200] "'{"ok":true,"result":[{"update_id":137782248,\n"message":{"message_id":138,"from":{"id":1337138335,"is_bot":false,"first_name":"Tap1","language_code":"ru"},"chat":{"id":1337138335,"first_name":"Tap1","type":"private"},"date":1657709737,"text":"\\u0410\\u0430\\u043f\\u043f"}}]}'"
13:55:37 | DEBUG | start_polling: 395 | Received 1 updates.
13:55:37 | DEBUG | make_request: 133 | Make request: "sendMessage" with data: "{'chat_id': 1337138335, 'text': '¿‡ÔÔ'}" and files "None"
13:55:37 | DEBUG | make_request: 133 | Make request: "getUpdates" with data: "{'offset': 137782249, 'timeout': 20}" and files "None"
13:55:37 | DEBUG | check_result: 95 | Response for sendMessage: [200] "'{"ok":true,"result":{"message_id":139,"from":{"id":5465904287,"is_bot":true,"first_name":"test","username":"test_Dorty_bot"},"chat":{"id":1337138335,"first_name":"Tap1","type":"private"},"date":1657709737,"text":"\\u0410\\u0430\\u043f\\u043f"}}'"
13:55:38 | DEBUG | check_result: 95 | Response for getUpdates: [200] "'{"ok":true,"result":[{"update_id":137782249,\n"message":{"message_id":140,"from":{"id":1337138335,"is_bot":false,"first_name":"Tap1","language_code":"ru"},"chat":{"id":1337138335,"first_name":"Tap1","type":"private"},"date":1657709738,"text":"\\u041f\\u043f\\u043f\\u043f"}}]}'"
13:55:38 | DEBUG | start_polling: 395 | Received 1 updates.
13:55:38 | DEBUG | make_request: 133 | Make request: "sendMessage" with data: "{'chat_id': 1337138335, 'text': 'œÔÔÔ'}" and files "None"
13:55:38 | DEBUG | check_result: 95 | Response for sendMessage: [200] "'{"ok":true,"result":{"message_id":141,"from":{"id":5465904287,"is_bot":true,"first_name":"test","username":"test_Dorty_bot"},"chat":{"id":1337138335,"first_name":"Tap1","type":"private"},"date":1657709738,"text":"\\u041f\\u043f\\u043f\\u043f"}}'"
13:55:38 | DEBUG | make_request: 133 | Make request: "getUpdates" with data: "{'offset': 137782250, 'timeout': 20}" and files "None"
13:55:40 | DEBUG | check_result: 95 | Response for getUpdates: [200] "'{"ok":true,"result":[{"update_id":137782250,\n"message":{"message_id":142,"from":{"id":1337138335,"is_bot":false,"first_name":"Tap1","language_code":"ru"},"chat":{"id":1337138335,"first_name":"Tap1","type":"private"},"date":1657709740,"text":"\\u0410\\u0430\\u043f\\u043f\\u043f\\u0430\\u043f\\u043f\\u043f"}}]}'"
13:55:40 | DEBUG | start_polling: 395 | Received 1 updates.
13:55:40 | DEBUG | make_request: 133 | Make request: "sendMessage" with data: "{'chat_id': 1337138335, 'text': '¿‡ÔÔÔ‡ÔÔÔ'}" and files "None"
13:55:40 | DEBUG | make_request: 133 | Make request: "getUpdates" with data: "{'offset': 137782251, 'timeout': 20}" and files "None"
13:55:40 | DEBUG | check_result: 95 | Response for sendMessage: [200] "'{"ok":true,"result":{"message_id":143,"from":{"id":5465904287,"is_bot":true,"first_name":"test","username":"test_Dorty_bot"},"chat":{"id":1337138335,"first_name":"Tap1","type":"private"},"date":1657709740,"text":"\\u0410\\u0430\\u043f\\u043f\\u043f\\u0430\\u043f\\u043f\\u043f"}}'"
13:56:01 | DEBUG | check_result: 95 | Response for getUpdates: [200] "'{"ok":true,"result":[]}'"
13:56:01 | DEBUG | make_request: 133 | Make request: "getUpdates" with data: "{'offset': 137782251, 'timeout': 20}" and files "None"
13:56:13 | DEBUG | check_result: 95 | Response for getUpdates: [200] "'{"ok":true,"result":[{"update_id":137782251,\n"message":{"message_id":144,"from":{"id":1337138335,"is_bot":false,"first_name":"Tap1","language_code":"ru"},"chat":{"id":1337138335,"first_name":"Tap1","type":"private"},"date":1657709773,"text":"\\u0420"}}]}'"
13:56:13 | DEBUG | start_polling: 395 | Received 1 updates.
13:56:13 | DEBUG | make_request: 133 | Make request: "sendMessage" with data: "{'chat_id': 1337138335, 'text': '–'}" and files "None"
13:56:13 | DEBUG | check_result: 95 | Response for sendMessage: [200] "'{"ok":true,"result":{"message_id":145,"from":{"id":5465904287,"is_bot":true,"first_name":"test","username":"test_Dorty_bot"},"chat":{"id":1337138335,"first_name":"Tap1","type":"private"},"date":1657709773,"text":"\\u0420"}}'"
13:56:13 | DEBUG | make_request: 133 | Make request: "getUpdates" with data: "{'offset': 137782252, 'timeout': 20}" and files "None"
13:56:34 | DEBUG | check_result: 95 | Response for getUpdates: [200] "'{"ok":true,"result":[]}'"
13:56:34 | DEBUG | make_request: 133 | Make request: "getUpdates" with data: "{'offset': 137782252, 'timeout': 20}" and files "None"
13:56:54 | DEBUG | check_result: 95 | Response for getUpdates: [200] "'{"ok":true,"result":[]}'"
13:56:54 | DEBUG | make_request: 133 | Make request: "getUpdates" with data: "{'offset': 137782252, 'timeout': 20}" and files "None"
13:57:14 | DEBUG | check_result: 95 | Response for getUpdates: [200] "'{"ok":true,"result":[]}'"
13:57:14 | DEBUG | make_request: 133 | Make request: "getUpdates" with data: "{'offset': 137782252, 'timeout': 20}" and files "None"
13:57:34 | DEBUG | check_result: 95 | Response for getUpdates: [200] "'{"ok":true,"result":[]}'"
13:57:34 | DEBUG | make_request: 133 | Make request: "getUpdates" with data: "{'offset': 137782252, 'timeout': 20}" and files "None"
13:57:54 | DEBUG | check_result: 95 | Response for getUpdates: [200] "'{"ok":true,"result":[]}'"
13:57:54 | DEBUG | make_request: 133 | Make request: "getUpdates" with data: "{'offset': 137782252, 'timeout': 20}" and files "None"
13:58:14 | DEBUG | check_result: 95 | Response for getUpdates: [200] "'{"ok":true,"result":[]}'"
13:58:15 | DEBUG | make_request: 133 | Make request: "getUpdates" with data: "{'offset': 137782252, 'timeout': 20}" and files "None"
13:58:35 | DEBUG | check_result: 95 | Response for getUpdates: [200] "'{"ok":true,"result":[]}'"
13:58:35 | DEBUG | make_request: 133 | Make request: "getUpdates" with data: "{'offset': 137782252, 'timeout': 20}" and files "None"
13:58:55 | DEBUG | check_result: 95 | Response for getUpdates: [200] "'{"ok":true,"result":[]}'"
13:58:55 | DEBUG | make_request: 133 | Make request: "getUpdates" with data: "{'offset': 137782252, 'timeout': 20}" and files "None"
13:59:15 | DEBUG | check_result: 95 | Response for getUpdates: [200] "'{"ok":true,"result":[]}'"
13:59:15 | DEBUG | make_request: 133 | Make request: "getUpdates" with data: "{'offset': 137782252, 'timeout': 20}" and files "None"
13:59:35 | DEBUG | check_result: 95 | Response for getUpdates: [200] "'{"ok":true,"result":[]}'"
13:59:35 | DEBUG | make_request: 133 | Make request: "getUpdates" with data: "{'offset': 137782252, 'timeout': 20}" and files "None"
13:59:55 | DEBUG | check_result: 95 | Response for getUpdates: [200] "'{"ok":true,"result":[]}'"
13:59:55 | DEBUG | make_request: 133 | Make request: "getUpdates" with data: "{'offset': 137782252, 'timeout': 20}" and files "None"
14:00:16 | DEBUG | check_result: 95 | Response for getUpdates: [200] "'{"ok":true,"result":[]}'"
14:00:16 | DEBUG | make_request: 133 | Make request: "getUpdates" with data: "{'offset': 137782252, 'timeout': 20}" and files "None"
14:00:36 | DEBUG | check_result: 95 | Response for getUpdates: [200] "'{"ok":true,"result":[]}'"
14:00:36 | DEBUG | make_request: 133 | Make request: "getUpdates" with data: "{'offset': 137782252, 'timeout': 20}" and files "None"
14:00:56 | DEBUG | check_result: 95 | Response for getUpdates: [200] "'{"ok":true,"result":[]}'"
14:00:56 | DEBUG | make_request: 133 | Make request: "getUpdates" with data: "{'offset': 137782252, 'timeout': 20}" and files "None"
14:01:16 | DEBUG | check_result: 95 | Response for getUpdates: [200] "'{"ok":true,"result":[]}'"
14:01:16 | DEBUG | make_request: 133 | Make request: "getUpdates" with data: "{'offset': 137782252, 'timeout': 20}" and files "None"
14:01:36 | DEBUG | check_result: 95 | Response for getUpdates: [200] "'{"ok":true,"result":[]}'"
14:01:36 | DEBUG | make_request: 133 | Make request: "getUpdates" with data: "{'offset': 137782252, 'timeout': 20}" and files "None"
14:01:56 | DEBUG | check_result: 95 | Response for getUpdates: [200] "'{"ok":true,"result":[]}'"
14:01:57 | DEBUG | make_request: 133 | Make request: "getUpdates" with data: "{'offset': 137782252, 'timeout': 20}" and files "None"
14:02:17 | DEBUG | check_result: 95 | Response for getUpdates: [200] "'{"ok":true,"result":[]}'"
14:02:17 | DEBUG | make_request: 133 | Make request: "getUpdates" with data: "{'offset': 137782252, 'timeout': 20}" and files "None"
14:02:37 | DEBUG | check_result: 95 | Response for getUpdates: [200] "'{"ok":true,"result":[]}'"
14:02:37 | DEBUG | make_request: 133 | Make request: "getUpdates" with data: "{'offset': 137782252, 'timeout': 20}" and files "None"
14:02:57 | DEBUG | check_result: 95 | Response for getUpdates: [200] "'{"ok":true,"result":[]}'"
14:02:57 | DEBUG | make_request: 133 | Make request: "getUpdates" with data: "{'offset': 137782252, 'timeout': 20}" and files "None"
14:03:17 | DEBUG | check_result: 95 | Response for getUpdates: [200] "'{"ok":true,"result":[]}'"
14:03:17 | DEBUG | make_request: 133 | Make request: "getUpdates" with data: "{'offset': 137782252, 'timeout': 20}" and files "None"
14:03:37 | DEBUG | check_result: 95 | Response for getUpdates: [200] "'{"ok":true,"result":[]}'"
14:03:37 | DEBUG | make_request: 133 | Make request: "getUpdates" with data: "{'offset': 137782252, 'timeout': 20}" and files "None"
14:03:57 | DEBUG | check_result: 95 | Response for getUpdates: [200] "'{"ok":true,"result":[]}'"
14:03:58 | DEBUG | make_request: 133 | Make request: "getUpdates" with data: "{'offset': 137782252, 'timeout': 20}" and files "None"
14:04:18 | DEBUG | check_result: 95 | Response for getUpdates: [200] "'{"ok":true,"result":[]}'"
14:04:18 | DEBUG | make_request: 133 | Make request: "getUpdates" with data: "{'offset': 137782252, 'timeout': 20}" and files "None"
14:04:38 | DEBUG | check_result: 95 | Response for getUpdates: [200] "'{"ok":true,"result":[]}'"
14:04:38 | DEBUG | make_request: 133 | Make request: "getUpdates" with data: "{'offset': 137782252, 'timeout': 20}" and files "None"
14:04:58 | DEBUG | check_result: 95 | Response for getUpdates: [200] "'{"ok":true,"result":[]}'"
14:04:58 | DEBUG | make_request: 133 | Make request: "getUpdates" with data: "{'offset': 137782252, 'timeout': 20}" and files "None"
14:05:18 | DEBUG | check_result: 95 | Response for getUpdates: [200] "'{"ok":true,"result":[]}'"
14:05:18 | DEBUG | make_request: 133 | Make request: "getUpdates" with data: "{'offset': 137782252, 'timeout': 20}" and files "None"
14:05:38 | DEBUG | check_result: 95 | Response for getUpdates: [200] "'{"ok":true,"result":[]}'"
14:05:39 | DEBUG | make_request: 133 | Make request: "getUpdates" with data: "{'offset': 137782252, 'timeout': 20}" and files "None"
14:05:59 | DEBUG | check_result: 95 | Response for getUpdates: [200] "'{"ok":true,"result":[]}'"
14:05:59 | DEBUG | make_request: 133 | Make request: "getUpdates" with data: "{'offset': 137782252, 'timeout': 20}" and files "None"
14:06:19 | DEBUG | check_result: 95 | Response for getUpdates: [200] "'{"ok":true,"result":[]}'"
14:06:19 | DEBUG | make_request: 133 | Make request: "getUpdates" with data: "{'offset': 137782252, 'timeout': 20}" and files "None"
14:06:39 | DEBUG | check_result: 95 | Response for getUpdates: [200] "'{"ok":true,"result":[]}'"
14:06:39 | DEBUG | make_request: 133 | Make request: "getUpdates" with data: "{'offset': 137782252, 'timeout': 20}" and files "None"
14:06:59 | DEBUG | check_result: 95 | Response for getUpdates: [200] "'{"ok":true,"result":[]}'"
14:06:59 | DEBUG | make_request: 133 | Make request: "getUpdates" with data: "{'offset': 137782252, 'timeout': 20}" and files "None"
14:07:19 | DEBUG | check_result: 95 | Response for getUpdates: [200] "'{"ok":true,"result":[]}'"
14:07:19 | DEBUG | make_request: 133 | Make request: "getUpdates" with data: "{'offset': 137782252, 'timeout': 20}" and files "None"
14:07:40 | DEBUG | check_result: 95 | Response for getUpdates: [200] "'{"ok":true,"result":[]}'"
14:07:40 | DEBUG | make_request: 133 | Make request: "getUpdates" with data: "{'offset': 137782252, 'timeout': 20}" and files "None"
14:08:00 | DEBUG | check_result: 95 | Response for getUpdates: [200] "'{"ok":true,"result":[]}'"
14:08:00 | DEBUG | make_request: 133 | Make request: "getUpdates" with data: "{'offset': 137782252, 'timeout': 20}" and files "None"
14:08:20 | DEBUG | check_result: 95 | Response for getUpdates: [200] "'{"ok":true,"result":[]}'"
14:08:20 | DEBUG | make_request: 133 | Make request: "getUpdates" with data: "{'offset': 137782252, 'timeout': 20}" and files "None"
14:08:40 | DEBUG | check_result: 95 | Response for getUpdates: [200] "'{"ok":true,"result":[]}'"
14:08:40 | DEBUG | make_request: 133 | Make request: "getUpdates" with data: "{'offset': 137782252, 'timeout': 20}" and files "None"
14:09:00 | DEBUG | check_result: 95 | Response for getUpdates: [200] "'{"ok":true,"result":[]}'"
14:09:00 | DEBUG | make_request: 133 | Make request: "getUpdates" with data: "{'offset': 137782252, 'timeout': 20}" and files "None"
14:09:20 | DEBUG | check_result: 95 | Response for getUpdates: [200] "'{"ok":true,"result":[]}'"
14:09:21 | DEBUG | make_request: 133 | Make request: "getUpdates" with data: "{'offset': 137782252, 'timeout': 20}" and files "None"
14:09:41 | DEBUG | check_result: 95 | Response for getUpdates: [200] "'{"ok":true,"result":[]}'"
14:09:41 | DEBUG | make_request: 133 | Make request: "getUpdates" with data: "{'offset': 137782252, 'timeout': 20}" and files "None"
14:10:01 | DEBUG | check_result: 95 | Response for getUpdates: [200] "'{"ok":true,"result":[]}'"
14:10:01 | DEBUG | make_request: 133 | Make request: "getUpdates" with data: "{'offset': 137782252, 'timeout': 20}" and files "None"
14:10:21 | DEBUG | check_result: 95 | Response for getUpdates: [200] "'{"ok":true,"result":[]}'"
14:10:21 | DEBUG | make_request: 133 | Make request: "getUpdates" with data: "{'offset': 137782252, 'timeout': 20}" and files "None"
14:10:41 | DEBUG | check_result: 95 | Response for getUpdates: [200] "'{"ok":true,"result":[]}'"
14:10:41 | DEBUG | make_request: 133 | Make request: "getUpdates" with data: "{'offset': 137782252, 'timeout': 20}" and files "None"
14:11:01 | DEBUG | check_result: 95 | Response for getUpdates: [200] "'{"ok":true,"result":[]}'"
14:11:01 | DEBUG | make_request: 133 | Make request: "getUpdates" with data: "{'offset': 137782252, 'timeout': 20}" and files "None"
14:11:21 | DEBUG | check_result: 95 | Response for getUpdates: [200] "'{"ok":true,"result":[]}'"
14:11:22 | DEBUG | make_request: 133 | Make request: "getUpdates" with data: "{'offset': 137782252, 'timeout': 20}" and files "None"
14:11:42 | DEBUG | check_result: 95 | Response for getUpdates: [200] "'{"ok":true,"result":[]}'"
14:11:42 | DEBUG | make_request: 133 | Make request: "getUpdates" with data: "{'offset': 137782252, 'timeout': 20}" and files "None"
14:12:02 | DEBUG | check_result: 95 | Response for getUpdates: [200] "'{"ok":true,"result":[]}'"
14:12:02 | DEBUG | make_request: 133 | Make request: "getUpdates" with data: "{'offset': 137782252, 'timeout': 20}" and files "None"
14:12:22 | DEBUG | check_result: 95 | Response for getUpdates: [200] "'{"ok":true,"result":[]}'"
14:12:22 | DEBUG | make_request: 133 | Make request: "getUpdates" with data: "{'offset': 137782252, 'timeout': 20}" and files "None"
14:12:42 | DEBUG | check_result: 95 | Response for getUpdates: [200] "'{"ok":true,"result":[]}'"
14:12:42 | DEBUG | make_request: 133 | Make request: "getUpdates" with data: "{'offset': 137782252, 'timeout': 20}" and files "None"
14:13:02 | DEBUG | check_result: 95 | Response for getUpdates: [200] "'{"ok":true,"result":[]}'"
14:13:02 | DEBUG | make_request: 133 | Make request: "getUpdates" with data: "{'offset': 137782252, 'timeout': 20}" and files "None"
14:13:23 | DEBUG | check_result: 95 | Response for getUpdates: [200] "'{"ok":true,"result":[]}'"
14:13:23 | DEBUG | make_request: 133 | Make request: "getUpdates" with data: "{'offset': 137782252, 'timeout': 20}" and files "None"
14:13:43 | DEBUG | check_result: 95 | Response for getUpdates: [200] "'{"ok":true,"result":[]}'"
14:13:43 | DEBUG | make_request: 133 | Make request: "getUpdates" with data: "{'offset': 137782252, 'timeout': 20}" and files "None"
14:14:03 | DEBUG | check_result: 95 | Response for getUpdates: [200] "'{"ok":true,"result":[]}'"
14:14:03 | DEBUG | make_request: 133 | Make request: "getUpdates" with data: "{'offset': 137782252, 'timeout': 20}" and files "None"
14:14:23 | DEBUG | check_result: 95 | Response for getUpdates: [200] "'{"ok":true,"result":[]}'"
14:14:23 | DEBUG | make_request: 133 | Make request: "getUpdates" with data: "{'offset': 137782252, 'timeout': 20}" and files "None"
14:14:43 | DEBUG | check_result: 95 | Response for getUpdates: [200] "'{"ok":true,"result":[]}'"
14:14:43 | DEBUG | make_request: 133 | Make request: "getUpdates" with data: "{'offset': 137782252, 'timeout': 20}" and files "None"
14:15:03 | DEBUG | check_result: 95 | Response for getUpdates: [200] "'{"ok":true,"result":[]}'"
14:15:04 | DEBUG | make_request: 133 | Make request: "getUpdates" with data: "{'offset': 137782252, 'timeout': 20}" and files "None"
14:15:24 | DEBUG | check_result: 95 | Response for getUpdates: [200] "'{"ok":true,"result":[]}'"
14:15:24 | DEBUG | make_request: 133 | Make request: "getUpdates" with data: "{'offset': 137782252, 'timeout': 20}" and files "None"
14:15:44 | DEBUG | check_result: 95 | Response for getUpdates: [200] "'{"ok":true,"result":[]}'"
14:15:44 | DEBUG | make_request: 133 | Make request: "getUpdates" with data: "{'offset': 137782252, 'timeout': 20}" and files "None"
14:16:04 | DEBUG | check_result: 95 | Response for getUpdates: [200] "'{"ok":true,"result":[]}'"
14:16:04 | DEBUG | make_request: 133 | Make request: "getUpdates" with data: "{'offset': 137782252, 'timeout': 20}" and files "None"
14:16:24 | DEBUG | check_result: 95 | Response for getUpdates: [200] "'{"ok":true,"result":[]}'"
14:16:24 | DEBUG | make_request: 133 | Make request: "getUpdates" with data: "{'offset': 137782252, 'timeout': 20}" and files "None"
14:16:44 | DEBUG | check_result: 95 | Response for getUpdates: [200] "'{"ok":true,"result":[]}'"
14:16:44 | DEBUG | make_request: 133 | Make request: "getUpdates" with data: "{'offset': 137782252, 'timeout': 20}" and files "None"
14:17:04 | DEBUG | check_result: 95 | Response for getUpdates: [200] "'{"ok":true,"result":[]}'"
14:17:05 | DEBUG | make_request: 133 | Make request: "getUpdates" with data: "{'offset': 137782252, 'timeout': 20}" and files "None"
14:17:25 | DEBUG | check_result: 95 | Response for getUpdates: [200] "'{"ok":true,"result":[]}'"
14:17:25 | DEBUG | make_request: 133 | Make request: "getUpdates" with data: "{'offset': 137782252, 'timeout': 20}" and files "None"
14:17:45 | DEBUG | check_result: 95 | Response for getUpdates: [200] "'{"ok":true,"result":[]}'"
14:17:45 | DEBUG | make_request: 133 | Make request: "getUpdates" with data: "{'offset': 137782252, 'timeout': 20}" and files "None"
14:18:05 | DEBUG | check_result: 95 | Response for getUpdates: [200] "'{"ok":true,"result":[]}'"
14:18:05 | DEBUG | make_request: 133 | Make request: "getUpdates" with data: "{'offset': 137782252, 'timeout': 20}" and files "None"
14:18:25 | DEBUG | check_result: 95 | Response for getUpdates: [200] "'{"ok":true,"result":[]}'"
14:18:25 | DEBUG | make_request: 133 | Make request: "getUpdates" with data: "{'offset': 137782252, 'timeout': 20}" and files "None"
14:18:45 | DEBUG | check_result: 95 | Response for getUpdates: [200] "'{"ok":true,"result":[]}'"
14:18:45 | DEBUG | make_request: 133 | Make request: "getUpdates" with data: "{'offset': 137782252, 'timeout': 20}" and files "None"
14:19:06 | DEBUG | check_result: 95 | Response for getUpdates: [200] "'{"ok":true,"result":[]}'"
14:19:06 | DEBUG | make_request: 133 | Make request: "getUpdates" with data: "{'offset': 137782252, 'timeout': 20}" and files "None"
14:19:26 | DEBUG | check_result: 95 | Response for getUpdates: [200] "'{"ok":true,"result":[]}'"
14:19:26 | DEBUG | make_request: 133 | Make request: "getUpdates" with data: "{'offset': 137782252, 'timeout': 20}" and files "None"
14:19:46 | DEBUG | check_result: 95 | Response for getUpdates: [200] "'{"ok":true,"result":[]}'"
14:19:46 | DEBUG | make_request: 133 | Make request: "getUpdates" with data: "{'offset': 137782252, 'timeout': 20}" and files "None"
14:20:06 | DEBUG | check_result: 95 | Response for getUpdates: [200] "'{"ok":true,"result":[]}'"
14:20:06 | DEBUG | make_request: 133 | Make request: "getUpdates" with data: "{'offset': 137782252, 'timeout': 20}" and files "None"
14:20:26 | DEBUG | check_result: 95 | Response for getUpdates: [200] "'{"ok":true,"result":[]}'"
14:20:26 | DEBUG | make_request: 133 | Make request: "getUpdates" with data: "{'offset': 137782252, 'timeout': 20}" and files "None"
14:20:46 | DEBUG | check_result: 95 | Response for getUpdates: [200] "'{"ok":true,"result":[]}'"
14:20:47 | DEBUG | make_request: 133 | Make request: "getUpdates" with data: "{'offset': 137782252, 'timeout': 20}" and files "None"
14:21:07 | DEBUG | check_result: 95 | Response for getUpdates: [200] "'{"ok":true,"result":[]}'"
14:21:07 | DEBUG | make_request: 133 | Make request: "getUpdates" with data: "{'offset': 137782252, 'timeout': 20}" and files "None"
14:21:27 | DEBUG | check_result: 95 | Response for getUpdates: [200] "'{"ok":true,"result":[]}'"
14:21:27 | DEBUG | make_request: 133 | Make request: "getUpdates" with data: "{'offset': 137782252, 'timeout': 20}" and files "None"
14:21:47 | DEBUG | check_result: 95 | Response for getUpdates: [200] "'{"ok":true,"result":[]}'"
14:21:47 | DEBUG | make_request: 133 | Make request: "getUpdates" with data: "{'offset': 137782252, 'timeout': 20}" and files "None"
14:22:07 | DEBUG | check_result: 95 | Response for getUpdates: [200] "'{"ok":true,"result":[]}'"
14:22:07 | DEBUG | make_request: 133 | Make request: "getUpdates" with data: "{'offset': 137782252, 'timeout': 20}" and files "None"
14:22:27 | DEBUG | check_result: 95 | Response for getUpdates: [200] "'{"ok":true,"result":[]}'"
14:22:27 | DEBUG | make_request: 133 | Make request: "getUpdates" with data: "{'offset': 137782252, 'timeout': 20}" and files "None"
14:22:48 | DEBUG | check_result: 95 | Response for getUpdates: [200] "'{"ok":true,"result":[]}'"
14:22:48 | DEBUG | make_request: 133 | Make request: "getUpdates" with data: "{'offset': 137782252, 'timeout': 20}" and files "None"
14:23:08 | DEBUG | check_result: 95 | Response for getUpdates: [200] "'{"ok":true,"result":[]}'"
14:23:08 | DEBUG | make_request: 133 | Make request: "getUpdates" with data: "{'offset': 137782252, 'timeout': 20}" and files "None"
14:23:28 | DEBUG | check_result: 95 | Response for getUpdates: [200] "'{"ok":true,"result":[]}'"
14:23:28 | DEBUG | make_request: 133 | Make request: "getUpdates" with data: "{'offset': 137782252, 'timeout': 20}" and files "None"
14:23:48 | DEBUG | check_result: 95 | Response for getUpdates: [200] "'{"ok":true,"result":[]}'"
14:23:48 | DEBUG | make_request: 133 | Make request: "getUpdates" with data: "{'offset': 137782252, 'timeout': 20}" and files "None"
14:24:08 | DEBUG | check_result: 95 | Response for getUpdates: [200] "'{"ok":true,"result":[]}'"
14:24:08 | DEBUG | make_request: 133 | Make request: "getUpdates" with data: "{'offset': 137782252, 'timeout': 20}" and files "None"
14:24:28 | DEBUG | check_result: 95 | Response for getUpdates: [200] "'{"ok":true,"result":[]}'"
14:24:29 | DEBUG | make_request: 133 | Make request: "getUpdates" with data: "{'offset': 137782252, 'timeout': 20}" and files "None"
14:24:49 | DEBUG | check_result: 95 | Response for getUpdates: [200] "'{"ok":true,"result":[]}'"
14:24:49 | DEBUG | make_request: 133 | Make request: "getUpdates" with data: "{'offset': 137782252, 'timeout': 20}" and files "None"
14:25:09 | DEBUG | check_result: 95 | Response for getUpdates: [200] "'{"ok":true,"result":[]}'"
14:25:09 | DEBUG | make_request: 133 | Make request: "getUpdates" with data: "{'offset': 137782252, 'timeout': 20}" and files "None"
14:25:29 | DEBUG | check_result: 95 | Response for getUpdates: [200] "'{"ok":true,"result":[]}'"
14:25:29 | DEBUG | make_request: 133 | Make request: "getUpdates" with data: "{'offset': 137782252, 'timeout': 20}" and files "None"
14:25:49 | DEBUG | check_result: 95 | Response for getUpdates: [200] "'{"ok":true,"result":[]}'"
14:25:50 | DEBUG | make_request: 133 | Make request: "getUpdates" with data: "{'offset': 137782252, 'timeout': 20}" and files "None"
14:26:10 | DEBUG | check_result: 95 | Response for getUpdates: [200] "'{"ok":true,"result":[]}'"
14:26:10 | DEBUG | make_request: 133 | Make request: "getUpdates" with data: "{'offset': 137782252, 'timeout': 20}" and files "None"
14:26:30 | DEBUG | check_result: 95 | Response for getUpdates: [200] "'{"ok":true,"result":[]}'"
14:26:30 | DEBUG | make_request: 133 | Make request: "getUpdates" with data: "{'offset': 137782252, 'timeout': 20}" and files "None"
14:26:50 | DEBUG | check_result: 95 | Response for getUpdates: [200] "'{"ok":true,"result":[]}'"
14:26:50 | DEBUG | make_request: 133 | Make request: "getUpdates" with data: "{'offset': 137782252, 'timeout': 20}" and files "None"
14:27:10 | DEBUG | check_result: 95 | Response for getUpdates: [200] "'{"ok":true,"result":[]}'"
14:27:10 | DEBUG | make_request: 133 | Make request: "getUpdates" with data: "{'offset': 137782252, 'timeout': 20}" and files "None"
14:27:30 | DEBUG | check_result: 95 | Response for getUpdates: [200] "'{"ok":true,"result":[]}'"
14:27:31 | DEBUG | make_request: 133 | Make request: "getUpdates" with data: "{'offset': 137782252, 'timeout': 20}" and files "None"
14:27:51 | DEBUG | check_result: 95 | Response for getUpdates: [200] "'{"ok":true,"result":[]}'"
14:27:51 | DEBUG | make_request: 133 | Make request: "getUpdates" with data: "{'offset': 137782252, 'timeout': 20}" and files "None"
14:28:11 | DEBUG | check_result: 95 | Response for getUpdates: [200] "'{"ok":true,"result":[]}'"
14:28:11 | DEBUG | make_request: 133 | Make request: "getUpdates" with data: "{'offset': 137782252, 'timeout': 20}" and files "None"
14:28:31 | DEBUG | check_result: 95 | Response for getUpdates: [200] "'{"ok":true,"result":[]}'"
14:28:31 | DEBUG | make_request: 133 | Make request: "getUpdates" with data: "{'offset': 137782252, 'timeout': 20}" and files "None"
14:28:51 | DEBUG | check_result: 95 | Response for getUpdates: [200] "'{"ok":true,"result":[]}'"
14:28:51 | DEBUG | make_request: 133 | Make request: "getUpdates" with data: "{'offset': 137782252, 'timeout': 20}" and files "None"
14:29:11 | DEBUG | check_result: 95 | Response for getUpdates: [200] "'{"ok":true,"result":[]}'"
14:29:11 | DEBUG | make_request: 133 | Make request: "getUpdates" with data: "{'offset': 137782252, 'timeout': 20}" and files "None"
14:29:32 | DEBUG | check_result: 95 | Response for getUpdates: [200] "'{"ok":true,"result":[]}'"
14:29:32 | DEBUG | make_request: 133 | Make request: "getUpdates" with data: "{'offset': 137782252, 'timeout': 20}" and files "None"
14:29:52 | DEBUG | check_result: 95 | Response for getUpdates: [200] "'{"ok":true,"result":[]}'"
14:29:52 | DEBUG | make_request: 133 | Make request: "getUpdates" with data: "{'offset': 137782252, 'timeout': 20}" and files "None"
14:30:12 | DEBUG | check_result: 95 | Response for getUpdates: [200] "'{"ok":true,"result":[]}'"
14:30:12 | DEBUG | make_request: 133 | Make request: "getUpdates" with data: "{'offset': 137782252, 'timeout': 20}" and files "None"
14:30:32 | DEBUG | check_result: 95 | Response for getUpdates: [200] "'{"ok":true,"result":[]}'"
14:30:32 | DEBUG | make_request: 133 | Make request: "getUpdates" with data: "{'offset': 137782252, 'timeout': 20}" and files "None"
14:30:52 | DEBUG | check_result: 95 | Response for getUpdates: [200] "'{"ok":true,"result":[]}'"
14:30:52 | DEBUG | make_request: 133 | Make request: "getUpdates" with data: "{'offset': 137782252, 'timeout': 20}" and files "None"
14:31:12 | DEBUG | check_result: 95 | Response for getUpdates: [200] "'{"ok":true,"result":[]}'"
14:31:13 | DEBUG | make_request: 133 | Make request: "getUpdates" with data: "{'offset': 137782252, 'timeout': 20}" and files "None"
14:31:33 | DEBUG | check_result: 95 | Response for getUpdates: [200] "'{"ok":true,"result":[]}'"
14:31:33 | DEBUG | make_request: 133 | Make request: "getUpdates" with data: "{'offset': 137782252, 'timeout': 20}" and files "None"
14:31:53 | DEBUG | check_result: 95 | Response for getUpdates: [200] "'{"ok":true,"result":[]}'"
14:31:53 | DEBUG | make_request: 133 | Make request: "getUpdates" with data: "{'offset': 137782252, 'timeout': 20}" and files "None"
14:32:13 | DEBUG | check_result: 95 | Response for getUpdates: [200] "'{"ok":true,"result":[]}'"
14:32:13 | DEBUG | make_request: 133 | Make request: "getUpdates" with data: "{'offset': 137782252, 'timeout': 20}" and files "None"
14:32:33 | DEBUG | check_result: 95 | Response for getUpdates: [200] "'{"ok":true,"result":[]}'"
14:32:33 | DEBUG | make_request: 133 | Make request: "getUpdates" with data: "{'offset': 137782252, 'timeout': 20}" and files "None"
14:32:53 | DEBUG | check_result: 95 | Response for getUpdates: [200] "'{"ok":true,"result":[]}'"
14:32:54 | DEBUG | make_request: 133 | Make request: "getUpdates" with data: "{'offset': 137782252, 'timeout': 20}" and files "None"
14:33:14 | DEBUG | check_result: 95 | Response for getUpdates: [200] "'{"ok":true,"result":[]}'"
14:33:14 | DEBUG | make_request: 133 | Make request: "getUpdates" with data: "{'offset': 137782252, 'timeout': 20}" and files "None"
14:33:34 | DEBUG | check_result: 95 | Response for getUpdates: [200] "'{"ok":true,"result":[]}'"
14:33:34 | DEBUG | make_request: 133 | Make request: "getUpdates" with data: "{'offset': 137782252, 'timeout': 20}" and files "None"
14:33:54 | DEBUG | check_result: 95 | Response for getUpdates: [200] "'{"ok":true,"result":[]}'"
14:33:54 | DEBUG | make_request: 133 | Make request: "getUpdates" with data: "{'offset': 137782252, 'timeout': 20}" and files "None"
14:34:14 | DEBUG | check_result: 95 | Response for getUpdates: [200] "'{"ok":true,"result":[]}'"
14:34:14 | DEBUG | make_request: 133 | Make request: "getUpdates" with data: "{'offset': 137782252, 'timeout': 20}" and files "None"
14:34:34 | DEBUG | check_result: 95 | Response for getUpdates: [200] "'{"ok":true,"result":[]}'"
14:34:34 | DEBUG | make_request: 133 | Make request: "getUpdates" with data: "{'offset': 137782252, 'timeout': 20}" and files "None"
14:34:55 | DEBUG | check_result: 95 | Response for getUpdates: [200] "'{"ok":true,"result":[]}'"
14:34:55 | DEBUG | make_request: 133 | Make request: "getUpdates" with data: "{'offset': 137782252, 'timeout': 20}" and files "None"
14:35:15 | DEBUG | check_result: 95 | Response for getUpdates: [200] "'{"ok":true,"result":[]}'"
14:35:15 | DEBUG | make_request: 133 | Make request: "getUpdates" with data: "{'offset': 137782252, 'timeout': 20}" and files "None"
14:35:35 | DEBUG | check_result: 95 | Response for getUpdates: [200] "'{"ok":true,"result":[]}'"
14:35:35 | DEBUG | make_request: 133 | Make request: "getUpdates" with data: "{'offset': 137782252, 'timeout': 20}" and files "None"
14:35:55 | DEBUG | check_result: 95 | Response for getUpdates: [200] "'{"ok":true,"result":[]}'"
14:35:55 | DEBUG | make_request: 133 | Make request: "getUpdates" with data: "{'offset': 137782252, 'timeout': 20}" and files "None"
14:36:15 | DEBUG | check_result: 95 | Response for getUpdates: [200] "'{"ok":true,"result":[]}'"
14:36:15 | DEBUG | make_request: 133 | Make request: "getUpdates" with data: "{'offset': 137782252, 'timeout': 20}" and files "None"
14:36:36 | DEBUG | check_result: 95 | Response for getUpdates: [200] "'{"ok":true,"result":[]}'"
14:36:36 | DEBUG | make_request: 133 | Make request: "getUpdates" with data: "{'offset': 137782252, 'timeout': 20}" and files "None"
14:36:56 | DEBUG | check_result: 95 | Response for getUpdates: [200] "'{"ok":true,"result":[]}'"
14:36:56 | DEBUG | make_request: 133 | Make request: "getUpdates" with data: "{'offset': 137782252, 'timeout': 20}" and files "None"
14:37:16 | DEBUG | check_result: 95 | Response for getUpdates: [200] "'{"ok":true,"result":[]}'"
14:37:16 | DEBUG | make_request: 133 | Make request: "getUpdates" with data: "{'offset': 137782252, 'timeout': 20}" and files "None"
14:37:36 | DEBUG | check_result: 95 | Response for getUpdates: [200] "'{"ok":true,"result":[]}'"
14:37:36 | DEBUG | make_request: 133 | Make request: "getUpdates" with data: "{'offset': 137782252, 'timeout': 20}" and files "None"
14:37:56 | DEBUG | check_result: 95 | Response for getUpdates: [200] "'{"ok":true,"result":[]}'"
14:37:56 | DEBUG | make_request: 133 | Make request: "getUpdates" with data: "{'offset': 137782252, 'timeout': 20}" and files "None"
14:38:16 | DEBUG | check_result: 95 | Response for getUpdates: [200] "'{"ok":true,"result":[]}'"
14:38:17 | DEBUG | make_request: 133 | Make request: "getUpdates" with data: "{'offset': 137782252, 'timeout': 20}" and files "None"
14:38:37 | DEBUG | check_result: 95 | Response for getUpdates: [200] "'{"ok":true,"result":[]}'"
14:38:37 | DEBUG | make_request: 133 | Make request: "getUpdates" with data: "{'offset': 137782252, 'timeout': 20}" and files "None"
14:38:57 | DEBUG | check_result: 95 | Response for getUpdates: [200] "'{"ok":true,"result":[]}'"
14:38:57 | DEBUG | make_request: 133 | Make request: "getUpdates" with data: "{'offset': 137782252, 'timeout': 20}" and files "None"
14:39:17 | DEBUG | check_result: 95 | Response for getUpdates: [200] "'{"ok":true,"result":[]}'"
14:39:17 | DEBUG | make_request: 133 | Make request: "getUpdates" with data: "{'offset': 137782252, 'timeout': 20}" and files "None"
14:39:37 | DEBUG | check_result: 95 | Response for getUpdates: [200] "'{"ok":true,"result":[]}'"
14:39:37 | DEBUG | make_request: 133 | Make request: "getUpdates" with data: "{'offset': 137782252, 'timeout': 20}" and files "None"
14:39:57 | DEBUG | check_result: 95 | Response for getUpdates: [200] "'{"ok":true,"result":[]}'"
14:39:57 | DEBUG | make_request: 133 | Make request: "getUpdates" with data: "{'offset': 137782252, 'timeout': 20}" and files "None"
14:40:18 | DEBUG | check_result: 95 | Response for getUpdates: [200] "'{"ok":true,"result":[]}'"
14:40:18 | DEBUG | make_request: 133 | Make request: "getUpdates" with data: "{'offset': 137782252, 'timeout': 20}" and files "None"
14:40:38 | DEBUG | check_result: 95 | Response for getUpdates: [200] "'{"ok":true,"result":[]}'"
14:40:38 | DEBUG | make_request: 133 | Make request: "getUpdates" with data: "{'offset': 137782252, 'timeout': 20}" and files "None"
14:40:58 | DEBUG | check_result: 95 | Response for getUpdates: [200] "'{"ok":true,"result":[]}'"
14:40:58 | DEBUG | make_request: 133 | Make request: "getUpdates" with data: "{'offset': 137782252, 'timeout': 20}" and files "None"
14:41:18 | DEBUG | check_result: 95 | Response for getUpdates: [200] "'{"ok":true,"result":[]}'"
14:41:18 | DEBUG | make_request: 133 | Make request: "getUpdates" with data: "{'offset': 137782252, 'timeout': 20}" and files "None"
14:41:38 | DEBUG | check_result: 95 | Response for getUpdates: [200] "'{"ok":true,"result":[]}'"
14:41:38 | DEBUG | make_request: 133 | Make request: "getUpdates" with data: "{'offset': 137782252, 'timeout': 20}" and files "None"
14:41:59 | DEBUG | check_result: 95 | Response for getUpdates: [200] "'{"ok":true,"result":[]}'"
14:41:59 | DEBUG | make_request: 133 | Make request: "getUpdates" with data: "{'offset': 137782252, 'timeout': 20}" and files "None"
14:42:19 | DEBUG | check_result: 95 | Response for getUpdates: [200] "'{"ok":true,"result":[]}'"
14:42:19 | DEBUG | make_request: 133 | Make request: "getUpdates" with data: "{'offset': 137782252, 'timeout': 20}" and files "None"
14:42:39 | DEBUG | check_result: 95 | Response for getUpdates: [200] "'{"ok":true,"result":[]}'"
14:42:39 | DEBUG | make_request: 133 | Make request: "getUpdates" with data: "{'offset': 137782252, 'timeout': 20}" and files "None"
14:42:59 | DEBUG | check_result: 95 | Response for getUpdates: [200] "'{"ok":true,"result":[]}'"
14:42:59 | DEBUG | make_request: 133 | Make request: "getUpdates" with data: "{'offset': 137782252, 'timeout': 20}" and files "None"
14:43:19 | DEBUG | check_result: 95 | Response for getUpdates: [200] "'{"ok":true,"result":[]}'"
14:43:19 | DEBUG | make_request: 133 | Make request: "getUpdates" with data: "{'offset': 137782252, 'timeout': 20}" and files "None"
14:43:39 | DEBUG | check_result: 95 | Response for getUpdates: [200] "'{"ok":true,"result":[]}'"
14:43:40 | DEBUG | make_request: 133 | Make request: "getUpdates" with data: "{'offset': 137782252, 'timeout': 20}" and files "None"
14:44:00 | DEBUG | check_result: 95 | Response for getUpdates: [200] "'{"ok":true,"result":[]}'"
14:44:00 | DEBUG | make_request: 133 | Make request: "getUpdates" with data: "{'offset': 137782252, 'timeout': 20}" and files "None"
14:44:20 | DEBUG | check_result: 95 | Response for getUpdates: [200] "'{"ok":true,"result":[]}'"
14:44:20 | DEBUG | make_request: 133 | Make request: "getUpdates" with data: "{'offset': 137782252, 'timeout': 20}" and files "None"
14:44:40 | DEBUG | check_result: 95 | Response for getUpdates: [200] "'{"ok":true,"result":[]}'"
14:44:40 | DEBUG | make_request: 133 | Make request: "getUpdates" with data: "{'offset': 137782252, 'timeout': 20}" and files "None"
14:45:00 | DEBUG | check_result: 95 | Response for getUpdates: [200] "'{"ok":true,"result":[]}'"
14:45:00 | DEBUG | make_request: 133 | Make request: "getUpdates" with data: "{'offset': 137782252, 'timeout': 20}" and files "None"
14:45:20 | DEBUG | check_result: 95 | Response for getUpdates: [200] "'{"ok":true,"result":[]}'"
14:45:21 | DEBUG | make_request: 133 | Make request: "getUpdates" with data: "{'offset': 137782252, 'timeout': 20}" and files "None"
14:45:41 | DEBUG | check_result: 95 | Response for getUpdates: [200] "'{"ok":true,"result":[]}'"
14:45:41 | DEBUG | make_request: 133 | Make request: "getUpdates" with data: "{'offset': 137782252, 'timeout': 20}" and files "None"
14:46:01 | DEBUG | check_result: 95 | Response for getUpdates: [200] "'{"ok":true,"result":[]}'"
14:46:01 | DEBUG | make_request: 133 | Make request: "getUpdates" with data: "{'offset': 137782252, 'timeout': 20}" and files "None"
14:46:21 | DEBUG | check_result: 95 | Response for getUpdates: [200] "'{"ok":true,"result":[]}'"
14:46:21 | DEBUG | make_request: 133 | Make request: "getUpdates" with data: "{'offset': 137782252, 'timeout': 20}" and files "None"
14:46:41 | DEBUG | check_result: 95 | Response for getUpdates: [200] "'{"ok":true,"result":[]}'"
14:46:41 | DEBUG | make_request: 133 | Make request: "getUpdates" with data: "{'offset': 137782252, 'timeout': 20}" and files "None"
14:47:02 | DEBUG | check_result: 95 | Response for getUpdates: [200] "'{"ok":true,"result":[]}'"
14:47:02 | DEBUG | make_request: 133 | Make request: "getUpdates" with data: "{'offset': 137782252, 'timeout': 20}" and files "None"
14:47:22 | DEBUG | check_result: 95 | Response for getUpdates: [200] "'{"ok":true,"result":[]}'"
14:47:22 | DEBUG | make_request: 133 | Make request: "getUpdates" with data: "{'offset': 137782252, 'timeout': 20}" and files "None"
14:47:42 | DEBUG | check_result: 95 | Response for getUpdates: [200] "'{"ok":true,"result":[]}'"
14:47:42 | DEBUG | make_request: 133 | Make request: "getUpdates" with data: "{'offset': 137782252, 'timeout': 20}" and files "None"
14:48:02 | DEBUG | check_result: 95 | Response for getUpdates: [200] "'{"ok":true,"result":[]}'"
14:48:02 | DEBUG | make_request: 133 | Make request: "getUpdates" with data: "{'offset': 137782252, 'timeout': 20}" and files "None"
14:48:22 | DEBUG | check_result: 95 | Response for getUpdates: [200] "'{"ok":true,"result":[]}'"
14:48:22 | DEBUG | make_request: 133 | Make request: "getUpdates" with data: "{'offset': 137782252, 'timeout': 20}" and files "None"
14:48:42 | INFO | stop_polling: 433 | Stop polling...
14:48:42 | WARNING | start_polling: 329 | Goodbye!
15:03:51 | DEBUG | __init__: 623 | Using proactor: IocpProactor
15:03:51 | DEBUG | make_request: 133 | Make request: "getMe" with data: "{}" and files "None"
15:03:52 | DEBUG | check_result: 95 | Response for getMe: [200] "'{"ok":true,"result":{"id":5465904287,"is_bot":true,"first_name":"test","username":"test_Dorty_bot","can_join_groups":true,"can_read_all_group_messages":false,"supports_inline_queries":false}}'"
15:03:52 | INFO | _welcome: 362 | Bot: test [@test_Dorty_bot]
15:03:52 | INFO | start_polling: 358 | Start polling.
15:03:52 | DEBUG | make_request: 133 | Make request: "getWebhookInfo" with data: "{}" and files "None"
15:03:52 | DEBUG | check_result: 95 | Response for getWebhookInfo: [200] "'{"ok":true,"result":{"url":"","has_custom_certificate":false,"pending_update_count":0}}'"
15:03:52 | DEBUG | make_request: 133 | Make request: "getUpdates" with data: "{'timeout': 20}" and files "None"
15:04:00 | DEBUG | check_result: 95 | Response for getUpdates: [200] "'{"ok":true,"result":[{"update_id":137782252,\n"message":{"message_id":146,"from":{"id":1337138335,"is_bot":false,"first_name":"Tap1","language_code":"en"},"chat":{"id":1337138335,"first_name":"Tap1","type":"private"},"date":1657713840,"text":"ashdadasda"}}]}'"
15:04:00 | DEBUG | start_polling: 395 | Received 1 updates.
15:04:00 | DEBUG | make_request: 133 | Make request: "sendMessage" with data: "{'chat_id': 1337138335, 'text': 'ashdadasda'}" and files "None"
15:04:00 | DEBUG | make_request: 133 | Make request: "getUpdates" with data: "{'offset': 137782253, 'timeout': 20}" and files "None"
15:04:00 | DEBUG | check_result: 95 | Response for sendMessage: [200] "'{"ok":true,"result":{"message_id":147,"from":{"id":5465904287,"is_bot":true,"first_name":"test","username":"test_Dorty_bot"},"chat":{"id":1337138335,"first_name":"Tap1","type":"private"},"date":1657713840,"text":"ashdadasda"}}'"
15:04:00 | DEBUG | check_result: 95 | Response for getUpdates: [200] "'{"ok":true,"result":[{"update_id":137782253,\n"message":{"message_id":148,"from":{"id":1337138335,"is_bot":false,"first_name":"Tap1","language_code":"en"},"chat":{"id":1337138335,"first_name":"Tap1","type":"private"},"date":1657713840,"text":"da"}}]}'"
15:04:00 | DEBUG | start_polling: 395 | Received 1 updates.
15:04:00 | DEBUG | make_request: 133 | Make request: "sendMessage" with data: "{'chat_id': 1337138335, 'text': 'da'}" and files "None"
15:04:01 | DEBUG | make_request: 133 | Make request: "getUpdates" with data: "{'offset': 137782254, 'timeout': 20}" and files "None"
15:04:01 | DEBUG | check_result: 95 | Response for sendMessage: [200] "'{"ok":true,"result":{"message_id":149,"from":{"id":5465904287,"is_bot":true,"first_name":"test","username":"test_Dorty_bot"},"chat":{"id":1337138335,"first_name":"Tap1","type":"private"},"date":1657713840,"text":"da"}}'"
15:04:01 | DEBUG | check_result: 95 | Response for getUpdates: [200] "'{"ok":true,"result":[{"update_id":137782254,\n"message":{"message_id":150,"from":{"id":1337138335,"is_bot":false,"first_name":"Tap1","language_code":"en"},"chat":{"id":1337138335,"first_name":"Tap1","type":"private"},"date":1657713841,"text":"dad"}}]}'"
15:04:01 | DEBUG | start_polling: 395 | Received 1 updates.
15:04:01 | DEBUG | make_request: 133 | Make request: "sendMessage" with data: "{'chat_id': 1337138335, 'text': 'dad'}" and files "None"
15:04:01 | DEBUG | check_result: 95 | Response for sendMessage: [200] "'{"ok":true,"result":{"message_id":151,"from":{"id":5465904287,"is_bot":true,"first_name":"test","username":"test_Dorty_bot"},"chat":{"id":1337138335,"first_name":"Tap1","type":"private"},"date":1657713841,"text":"dad"}}'"
15:04:01 | DEBUG | make_request: 133 | Make request: "getUpdates" with data: "{'offset': 137782255, 'timeout': 20}" and files "None"
15:04:01 | DEBUG | check_result: 95 | Response for getUpdates: [200] "'{"ok":true,"result":[{"update_id":137782255,\n"message":{"message_id":152,"from":{"id":1337138335,"is_bot":false,"first_name":"Tap1","language_code":"en"},"chat":{"id":1337138335,"first_name":"Tap1","type":"private"},"date":1657713841,"text":"a"}}]}'"
15:04:01 | DEBUG | start_polling: 395 | Received 1 updates.
15:04:01 | DEBUG | make_request: 133 | Make request: "sendMessage" with data: "{'chat_id': 1337138335, 'text': 'a'}" and files "None"
15:04:01 | DEBUG | make_request: 133 | Make request: "getUpdates" with data: "{'offset': 137782256, 'timeout': 20}" and files "None"
15:04:01 | DEBUG | check_result: 95 | Response for sendMessage: [200] "'{"ok":true,"result":{"message_id":153,"from":{"id":5465904287,"is_bot":true,"first_name":"test","username":"test_Dorty_bot"},"chat":{"id":1337138335,"first_name":"Tap1","type":"private"},"date":1657713841,"text":"a"}}'"
15:04:01 | DEBUG | check_result: 95 | Response for getUpdates: [200] "'{"ok":true,"result":[{"update_id":137782256,\n"message":{"message_id":154,"from":{"id":1337138335,"is_bot":false,"first_name":"Tap1","language_code":"en"},"chat":{"id":1337138335,"first_name":"Tap1","type":"private"},"date":1657713841,"text":"d"}}]}'"
15:04:01 | DEBUG | start_polling: 395 | Received 1 updates.
15:04:01 | DEBUG | make_request: 133 | Make request: "sendMessage" with data: "{'chat_id': 1337138335, 'text': 'd'}" and files "None"
15:04:02 | DEBUG | check_result: 95 | Response for sendMessage: [200] "'{"ok":true,"result":{"message_id":155,"from":{"id":5465904287,"is_bot":true,"first_name":"test","username":"test_Dorty_bot"},"chat":{"id":1337138335,"first_name":"Tap1","type":"private"},"date":1657713841,"text":"d"}}'"
15:04:02 | DEBUG | make_request: 133 | Make request: "getUpdates" with data: "{'offset': 137782257, 'timeout': 20}" and files "None"
15:04:02 | DEBUG | check_result: 95 | Response for getUpdates: [200] "'{"ok":true,"result":[{"update_id":137782257,\n"message":{"message_id":156,"from":{"id":1337138335,"is_bot":false,"first_name":"Tap1","language_code":"en"},"chat":{"id":1337138335,"first_name":"Tap1","type":"private"},"date":1657713842,"text":"ad"}}]}'"
15:04:02 | DEBUG | start_polling: 395 | Received 1 updates.
15:04:02 | DEBUG | make_request: 133 | Make request: "sendMessage" with data: "{'chat_id': 1337138335, 'text': 'ad'}" and files "None"
15:04:02 | DEBUG | make_request: 133 | Make request: "getUpdates" with data: "{'offset': 137782258, 'timeout': 20}" and files "None"
15:04:02 | DEBUG | check_result: 95 | Response for sendMessage: [200] "'{"ok":true,"result":{"message_id":157,"from":{"id":5465904287,"is_bot":true,"first_name":"test","username":"test_Dorty_bot"},"chat":{"id":1337138335,"first_name":"Tap1","type":"private"},"date":1657713842,"text":"ad"}}'"
15:04:02 | DEBUG | check_result: 95 | Response for getUpdates: [200] "'{"ok":true,"result":[{"update_id":137782258,\n"message":{"message_id":158,"from":{"id":1337138335,"is_bot":false,"first_name":"Tap1","language_code":"en"},"chat":{"id":1337138335,"first_name":"Tap1","type":"private"},"date":1657713842,"text":"a"}}]}'"
15:04:02 | DEBUG | start_polling: 395 | Received 1 updates.
15:04:02 | DEBUG | make_request: 133 | Make request: "sendMessage" with data: "{'chat_id': 1337138335, 'text': 'a'}" and files "None"
15:04:02 | DEBUG | make_request: 133 | Make request: "getUpdates" with data: "{'offset': 137782259, 'timeout': 20}" and files "None"
15:04:02 | DEBUG | check_result: 95 | Response for sendMessage: [200] "'{"ok":true,"result":{"message_id":159,"from":{"id":5465904287,"is_bot":true,"first_name":"test","username":"test_Dorty_bot"},"chat":{"id":1337138335,"first_name":"Tap1","type":"private"},"date":1657713842,"text":"a"}}'"
15:04:22 | DEBUG | check_result: 95 | Response for getUpdates: [200] "'{"ok":true,"result":[]}'"
15:04:22 | DEBUG | make_request: 133 | Make request: "getUpdates" with data: "{'offset': 137782259, 'timeout': 20}" and files "None"
15:04:42 | DEBUG | check_result: 95 | Response for getUpdates: [200] "'{"ok":true,"result":[]}'"
15:04:42 | DEBUG | make_request: 133 | Make request: "getUpdates" with data: "{'offset': 137782259, 'timeout': 20}" and files "None"
15:05:03 | DEBUG | check_result: 95 | Response for getUpdates: [200] "'{"ok":true,"result":[]}'"
15:05:03 | DEBUG | make_request: 133 | Make request: "getUpdates" with data: "{'offset': 137782259, 'timeout': 20}" and files "None"
15:05:23 | DEBUG | check_result: 95 | Response for getUpdates: [200] "'{"ok":true,"result":[]}'"
15:05:23 | DEBUG | make_request: 133 | Make request: "getUpdates" with data: "{'offset': 137782259, 'timeout': 20}" and files "None"
15:05:43 | DEBUG | check_result: 95 | Response for getUpdates: [200] "'{"ok":true,"result":[]}'"
15:05:43 | DEBUG | make_request: 133 | Make request: "getUpdates" with data: "{'offset': 137782259, 'timeout': 20}" and files "None"
15:06:03 | DEBUG | check_result: 95 | Response for getUpdates: [200] "'{"ok":true,"result":[]}'"
15:06:03 | DEBUG | make_request: 133 | Make request: "getUpdates" with data: "{'offset': 137782259, 'timeout': 20}" and files "None"
15:06:23 | DEBUG | check_result: 95 | Response for getUpdates: [200] "'{"ok":true,"result":[]}'"
15:06:23 | DEBUG | make_request: 133 | Make request: "getUpdates" with data: "{'offset': 137782259, 'timeout': 20}" and files "None"
15:06:43 | DEBUG | check_result: 95 | Response for getUpdates: [200] "'{"ok":true,"result":[]}'"
15:06:44 | DEBUG | make_request: 133 | Make request: "getUpdates" with data: "{'offset': 137782259, 'timeout': 20}" and files "None"
15:07:04 | DEBUG | check_result: 95 | Response for getUpdates: [200] "'{"ok":true,"result":[]}'"
15:07:04 | DEBUG | make_request: 133 | Make request: "getUpdates" with data: "{'offset': 137782259, 'timeout': 20}" and files "None"
15:07:24 | DEBUG | check_result: 95 | Response for getUpdates: [200] "'{"ok":true,"result":[]}'"
15:07:24 | DEBUG | make_request: 133 | Make request: "getUpdates" with data: "{'offset': 137782259, 'timeout': 20}" and files "None"
15:07:44 | DEBUG | check_result: 95 | Response for getUpdates: [200] "'{"ok":true,"result":[]}'"
15:07:44 | DEBUG | make_request: 133 | Make request: "getUpdates" with data: "{'offset': 137782259, 'timeout': 20}" and files "None"
15:08:04 | DEBUG | check_result: 95 | Response for getUpdates: [200] "'{"ok":true,"result":[]}'"
15:08:04 | DEBUG | make_request: 133 | Make request: "getUpdates" with data: "{'offset': 137782259, 'timeout': 20}" and files "None"
15:08:24 | DEBUG | check_result: 95 | Response for getUpdates: [200] "'{"ok":true,"result":[]}'"
15:08:24 | DEBUG | make_request: 133 | Make request: "getUpdates" with data: "{'offset': 137782259, 'timeout': 20}" and files "None"
15:08:44 | DEBUG | check_result: 95 | Response for getUpdates: [200] "'{"ok":true,"result":[]}'"
15:08:45 | DEBUG | make_request: 133 | Make request: "getUpdates" with data: "{'offset': 137782259, 'timeout': 20}" and files "None"
15:09:05 | DEBUG | check_result: 95 | Response for getUpdates: [200] "'{"ok":true,"result":[]}'"
15:09:05 | DEBUG | make_request: 133 | Make request: "getUpdates" with data: "{'offset': 137782259, 'timeout': 20}" and files "None"
15:09:25 | DEBUG | check_result: 95 | Response for getUpdates: [200] "'{"ok":true,"result":[]}'"
15:09:25 | DEBUG | make_request: 133 | Make request: "getUpdates" with data: "{'offset': 137782259, 'timeout': 20}" and files "None"
15:09:45 | DEBUG | check_result: 95 | Response for getUpdates: [200] "'{"ok":true,"result":[]}'"
15:09:45 | DEBUG | make_request: 133 | Make request: "getUpdates" with data: "{'offset': 137782259, 'timeout': 20}" and files "None"
15:10:05 | DEBUG | check_result: 95 | Response for getUpdates: [200] "'{"ok":true,"result":[]}'"
15:10:05 | DEBUG | make_request: 133 | Make request: "getUpdates" with data: "{'offset': 137782259, 'timeout': 20}" and files "None"
15:10:25 | DEBUG | check_result: 95 | Response for getUpdates: [200] "'{"ok":true,"result":[]}'"
15:10:26 | DEBUG | make_request: 133 | Make request: "getUpdates" with data: "{'offset': 137782259, 'timeout': 20}" and files "None"
15:10:46 | DEBUG | check_result: 95 | Response for getUpdates: [200] "'{"ok":true,"result":[]}'"
15:10:46 | DEBUG | make_request: 133 | Make request: "getUpdates" with data: "{'offset': 137782259, 'timeout': 20}" and files "None"
15:11:06 | DEBUG | check_result: 95 | Response for getUpdates: [200] "'{"ok":true,"result":[]}'"
15:11:06 | DEBUG | make_request: 133 | Make request: "getUpdates" with data: "{'offset': 137782259, 'timeout': 20}" and files "None"
15:11:26 | DEBUG | check_result: 95 | Response for getUpdates: [200] "'{"ok":true,"result":[]}'"
15:11:26 | DEBUG | make_request: 133 | Make request: "getUpdates" with data: "{'offset': 137782259, 'timeout': 20}" and files "None"
15:11:46 | DEBUG | check_result: 95 | Response for getUpdates: [200] "'{"ok":true,"result":[]}'"
15:11:46 | DEBUG | make_request: 133 | Make request: "getUpdates" with data: "{'offset': 137782259, 'timeout': 20}" and files "None"
15:12:06 | DEBUG | check_result: 95 | Response for getUpdates: [200] "'{"ok":true,"result":[]}'"
15:12:06 | DEBUG | make_request: 133 | Make request: "getUpdates" with data: "{'offset': 137782259, 'timeout': 20}" and files "None"
15:12:27 | DEBUG | check_result: 95 | Response for getUpdates: [200] "'{"ok":true,"result":[]}'"
15:12:27 | DEBUG | make_request: 133 | Make request: "getUpdates" with data: "{'offset': 137782259, 'timeout': 20}" and files "None"
15:12:47 | DEBUG | check_result: 95 | Response for getUpdates: [200] "'{"ok":true,"result":[]}'"
15:12:47 | DEBUG | make_request: 133 | Make request: "getUpdates" with data: "{'offset': 137782259, 'timeout': 20}" and files "None"
15:13:07 | DEBUG | check_result: 95 | Response for getUpdates: [200] "'{"ok":true,"result":[]}'"
15:13:07 | DEBUG | make_request: 133 | Make request: "getUpdates" with data: "{'offset': 137782259, 'timeout': 20}" and files "None"
15:13:27 | DEBUG | check_result: 95 | Response for getUpdates: [200] "'{"ok":true,"result":[]}'"
15:13:27 | DEBUG | make_request: 133 | Make request: "getUpdates" with data: "{'offset': 137782259, 'timeout': 20}" and files "None"
15:13:47 | DEBUG | check_result: 95 | Response for getUpdates: [200] "'{"ok":true,"result":[]}'"
15:13:47 | DEBUG | make_request: 133 | Make request: "getUpdates" with data: "{'offset': 137782259, 'timeout': 20}" and files "None"
15:14:07 | DEBUG | check_result: 95 | Response for getUpdates: [200] "'{"ok":true,"result":[]}'"
15:14:08 | DEBUG | make_request: 133 | Make request: "getUpdates" with data: "{'offset': 137782259, 'timeout': 20}" and files "None"
15:14:28 | DEBUG | check_result: 95 | Response for getUpdates: [200] "'{"ok":true,"result":[]}'"
15:14:28 | DEBUG | make_request: 133 | Make request: "getUpdates" with data: "{'offset': 137782259, 'timeout': 20}" and files "None"
15:14:48 | DEBUG | check_result: 95 | Response for getUpdates: [200] "'{"ok":true,"result":[]}'"
15:14:48 | DEBUG | make_request: 133 | Make request: "getUpdates" with data: "{'offset': 137782259, 'timeout': 20}" and files "None"
15:15:08 | DEBUG | check_result: 95 | Response for getUpdates: [200] "'{"ok":true,"result":[]}'"
15:15:08 | DEBUG | make_request: 133 | Make request: "getUpdates" with data: "{'offset': 137782259, 'timeout': 20}" and files "None"
15:15:28 | DEBUG | check_result: 95 | Response for getUpdates: [200] "'{"ok":true,"result":[]}'"
15:15:28 | DEBUG | make_request: 133 | Make request: "getUpdates" with data: "{'offset': 137782259, 'timeout': 20}" and files "None"
15:15:48 | DEBUG | check_result: 95 | Response for getUpdates: [200] "'{"ok":true,"result":[]}'"
15:15:48 | DEBUG | make_request: 133 | Make request: "getUpdates" with data: "{'offset': 137782259, 'timeout': 20}" and files "None"
15:16:09 | DEBUG | check_result: 95 | Response for getUpdates: [200] "'{"ok":true,"result":[]}'"
15:16:09 | DEBUG | make_request: 133 | Make request: "getUpdates" with data: "{'offset': 137782259, 'timeout': 20}" and files "None"
15:16:29 | DEBUG | check_result: 95 | Response for getUpdates: [200] "'{"ok":true,"result":[]}'"
15:16:29 | DEBUG | make_request: 133 | Make request: "getUpdates" with data: "{'offset': 137782259, 'timeout': 20}" and files "None"
15:16:49 | DEBUG | check_result: 95 | Response for getUpdates: [200] "'{"ok":true,"result":[]}'"
15:16:49 | DEBUG | make_request: 133 | Make request: "getUpdates" with data: "{'offset': 137782259, 'timeout': 20}" and files "None"
15:17:09 | DEBUG | check_result: 95 | Response for getUpdates: [200] "'{"ok":true,"result":[]}'"
15:17:09 | DEBUG | make_request: 133 | Make request: "getUpdates" with data: "{'offset': 137782259, 'timeout': 20}" and files "None"
15:17:29 | DEBUG | check_result: 95 | Response for getUpdates: [200] "'{"ok":true,"result":[]}'"
15:17:29 | DEBUG | make_request: 133 | Make request: "getUpdates" with data: "{'offset': 137782259, 'timeout': 20}" and files "None"
15:17:49 | DEBUG | check_result: 95 | Response for getUpdates: [200] "'{"ok":true,"result":[]}'"
15:17:50 | DEBUG | make_request: 133 | Make request: "getUpdates" with data: "{'offset': 137782259, 'timeout': 20}" and files "None"
15:18:10 | DEBUG | check_result: 95 | Response for getUpdates: [200] "'{"ok":true,"result":[]}'"
15:18:10 | DEBUG | make_request: 133 | Make request: "getUpdates" with data: "{'offset': 137782259, 'timeout': 20}" and files "None"
15:18:30 | DEBUG | check_result: 95 | Response for getUpdates: [200] "'{"ok":true,"result":[]}'"
15:18:30 | DEBUG | make_request: 133 | Make request: "getUpdates" with data: "{'offset': 137782259, 'timeout': 20}" and files "None"
15:18:50 | DEBUG | check_result: 95 | Response for getUpdates: [200] "'{"ok":true,"result":[]}'"
15:18:50 | DEBUG | make_request: 133 | Make request: "getUpdates" with data: "{'offset': 137782259, 'timeout': 20}" and files "None"
15:19:10 | DEBUG | check_result: 95 | Response for getUpdates: [200] "'{"ok":true,"result":[]}'"
15:19:10 | DEBUG | make_request: 133 | Make request: "getUpdates" with data: "{'offset': 137782259, 'timeout': 20}" and files "None"
15:19:30 | DEBUG | check_result: 95 | Response for getUpdates: [200] "'{"ok":true,"result":[]}'"
15:19:31 | DEBUG | make_request: 133 | Make request: "getUpdates" with data: "{'offset': 137782259, 'timeout': 20}" and files "None"
15:19:51 | DEBUG | check_result: 95 | Response for getUpdates: [200] "'{"ok":true,"result":[]}'"
15:19:51 | DEBUG | make_request: 133 | Make request: "getUpdates" with data: "{'offset': 137782259, 'timeout': 20}" and files "None"
15:20:11 | DEBUG | check_result: 95 | Response for getUpdates: [200] "'{"ok":true,"result":[]}'"
15:20:11 | DEBUG | make_request: 133 | Make request: "getUpdates" with data: "{'offset': 137782259, 'timeout': 20}" and files "None"
15:20:31 | DEBUG | check_result: 95 | Response for getUpdates: [200] "'{"ok":true,"result":[]}'"
15:20:31 | DEBUG | make_request: 133 | Make request: "getUpdates" with data: "{'offset': 137782259, 'timeout': 20}" and files "None"
15:20:51 | DEBUG | check_result: 95 | Response for getUpdates: [200] "'{"ok":true,"result":[]}'"
15:20:51 | DEBUG | make_request: 133 | Make request: "getUpdates" with data: "{'offset': 137782259, 'timeout': 20}" and files "None"
15:21:11 | DEBUG | check_result: 95 | Response for getUpdates: [200] "'{"ok":true,"result":[]}'"
15:21:11 | DEBUG | make_request: 133 | Make request: "getUpdates" with data: "{'offset': 137782259, 'timeout': 20}" and files "None"
15:21:31 | DEBUG | check_result: 95 | Response for getUpdates: [200] "'{"ok":true,"result":[]}'"
15:21:32 | DEBUG | make_request: 133 | Make request: "getUpdates" with data: "{'offset': 137782259, 'timeout': 20}" and files "None"
15:21:52 | DEBUG | check_result: 95 | Response for getUpdates: [200] "'{"ok":true,"result":[]}'"
15:21:52 | DEBUG | make_request: 133 | Make request: "getUpdates" with data: "{'offset': 137782259, 'timeout': 20}" and files "None"
15:22:12 | DEBUG | check_result: 95 | Response for getUpdates: [200] "'{"ok":true,"result":[]}'"
15:22:12 | DEBUG | make_request: 133 | Make request: "getUpdates" with data: "{'offset': 137782259, 'timeout': 20}" and files "None"
15:22:32 | DEBUG | check_result: 95 | Response for getUpdates: [200] "'{"ok":true,"result":[]}'"
15:22:32 | DEBUG | make_request: 133 | Make request: "getUpdates" with data: "{'offset': 137782259, 'timeout': 20}" and files "None"
15:22:52 | DEBUG | check_result: 95 | Response for getUpdates: [200] "'{"ok":true,"result":[]}'"
15:22:52 | DEBUG | make_request: 133 | Make request: "getUpdates" with data: "{'offset': 137782259, 'timeout': 20}" and files "None"
15:23:12 | DEBUG | check_result: 95 | Response for getUpdates: [200] "'{"ok":true,"result":[]}'"
15:23:13 | DEBUG | make_request: 133 | Make request: "getUpdates" with data: "{'offset': 137782259, 'timeout': 20}" and files "None"
15:23:33 | DEBUG | check_result: 95 | Response for getUpdates: [200] "'{"ok":true,"result":[]}'"
15:23:33 | DEBUG | make_request: 133 | Make request: "getUpdates" with data: "{'offset': 137782259, 'timeout': 20}" and files "None"
15:23:53 | DEBUG | check_result: 95 | Response for getUpdates: [200] "'{"ok":true,"result":[]}'"
15:23:53 | DEBUG | make_request: 133 | Make request: "getUpdates" with data: "{'offset': 137782259, 'timeout': 20}" and files "None"
15:24:13 | DEBUG | check_result: 95 | Response for getUpdates: [200] "'{"ok":true,"result":[]}'"
15:24:13 | DEBUG | make_request: 133 | Make request: "getUpdates" with data: "{'offset': 137782259, 'timeout': 20}" and files "None"
15:24:33 | DEBUG | check_result: 95 | Response for getUpdates: [200] "'{"ok":true,"result":[]}'"
15:24:33 | DEBUG | make_request: 133 | Make request: "getUpdates" with data: "{'offset': 137782259, 'timeout': 20}" and files "None"
15:24:53 | DEBUG | check_result: 95 | Response for getUpdates: [200] "'{"ok":true,"result":[]}'"
15:24:53 | DEBUG | make_request: 133 | Make request: "getUpdates" with data: "{'offset': 137782259, 'timeout': 20}" and files "None"
15:25:14 | DEBUG | check_result: 95 | Response for getUpdates: [200] "'{"ok":true,"result":[]}'"
15:25:14 | DEBUG | make_request: 133 | Make request: "getUpdates" with data: "{'offset': 137782259, 'timeout': 20}" and files "None"
15:25:34 | DEBUG | check_result: 95 | Response for getUpdates: [200] "'{"ok":true,"result":[]}'"
15:25:34 | DEBUG | make_request: 133 | Make request: "getUpdates" with data: "{'offset': 137782259, 'timeout': 20}" and files "None"
15:25:54 | DEBUG | check_result: 95 | Response for getUpdates: [200] "'{"ok":true,"result":[]}'"
15:25:54 | DEBUG | make_request: 133 | Make request: "getUpdates" with data: "{'offset': 137782259, 'timeout': 20}" and files "None"
15:26:14 | DEBUG | check_result: 95 | Response for getUpdates: [200] "'{"ok":true,"result":[]}'"
15:26:14 | DEBUG | make_request: 133 | Make request: "getUpdates" with data: "{'offset': 137782259, 'timeout': 20}" and files "None"
15:26:34 | DEBUG | check_result: 95 | Response for getUpdates: [200] "'{"ok":true,"result":[]}'"
15:26:34 | DEBUG | make_request: 133 | Make request: "getUpdates" with data: "{'offset': 137782259, 'timeout': 20}" and files "None"
15:26:54 | DEBUG | check_result: 95 | Response for getUpdates: [200] "'{"ok":true,"result":[]}'"
15:26:55 | DEBUG | make_request: 133 | Make request: "getUpdates" with data: "{'offset': 137782259, 'timeout': 20}" and files "None"
15:27:15 | DEBUG | check_result: 95 | Response for getUpdates: [200] "'{"ok":true,"result":[]}'"
15:27:15 | DEBUG | make_request: 133 | Make request: "getUpdates" with data: "{'offset': 137782259, 'timeout': 20}" and files "None"
15:27:35 | DEBUG | check_result: 95 | Response for getUpdates: [200] "'{"ok":true,"result":[]}'"
15:27:35 | DEBUG | make_request: 133 | Make request: "getUpdates" with data: "{'offset': 137782259, 'timeout': 20}" and files "None"
15:27:55 | DEBUG | check_result: 95 | Response for getUpdates: [200] "'{"ok":true,"result":[]}'"
15:27:55 | DEBUG | make_request: 133 | Make request: "getUpdates" with data: "{'offset': 137782259, 'timeout': 20}" and files "None"
15:28:15 | DEBUG | check_result: 95 | Response for getUpdates: [200] "'{"ok":true,"result":[]}'"
15:28:15 | DEBUG | make_request: 133 | Make request: "getUpdates" with data: "{'offset': 137782259, 'timeout': 20}" and files "None"
15:28:35 | DEBUG | check_result: 95 | Response for getUpdates: [200] "'{"ok":true,"result":[]}'"
15:28:35 | DEBUG | make_request: 133 | Make request: "getUpdates" with data: "{'offset': 137782259, 'timeout': 20}" and files "None"
15:28:56 | DEBUG | check_result: 95 | Response for getUpdates: [200] "'{"ok":true,"result":[]}'"
15:28:56 | DEBUG | make_request: 133 | Make request: "getUpdates" with data: "{'offset': 137782259, 'timeout': 20}" and files "None"
15:29:16 | DEBUG | check_result: 95 | Response for getUpdates: [200] "'{"ok":true,"result":[]}'"
15:29:16 | DEBUG | make_request: 133 | Make request: "getUpdates" with data: "{'offset': 137782259, 'timeout': 20}" and files "None"
15:29:36 | DEBUG | check_result: 95 | Response for getUpdates: [200] "'{"ok":true,"result":[]}'"
15:29:36 | DEBUG | make_request: 133 | Make request: "getUpdates" with data: "{'offset': 137782259, 'timeout': 20}" and files "None"
15:29:56 | DEBUG | check_result: 95 | Response for getUpdates: [200] "'{"ok":true,"result":[]}'"
15:29:56 | DEBUG | make_request: 133 | Make request: "getUpdates" with data: "{'offset': 137782259, 'timeout': 20}" and files "None"
15:30:16 | DEBUG | check_result: 95 | Response for getUpdates: [200] "'{"ok":true,"result":[]}'"
15:30:16 | DEBUG | make_request: 133 | Make request: "getUpdates" with data: "{'offset': 137782259, 'timeout': 20}" and files "None"
15:30:36 | DEBUG | check_result: 95 | Response for getUpdates: [200] "'{"ok":true,"result":[]}'"
15:30:37 | DEBUG | make_request: 133 | Make request: "getUpdates" with data: "{'offset': 137782259, 'timeout': 20}" and files "None"
15:30:57 | DEBUG | check_result: 95 | Response for getUpdates: [200] "'{"ok":true,"result":[]}'"
15:30:57 | DEBUG | make_request: 133 | Make request: "getUpdates" with data: "{'offset': 137782259, 'timeout': 20}" and files "None"
15:31:17 | DEBUG | check_result: 95 | Response for getUpdates: [200] "'{"ok":true,"result":[]}'"
15:31:17 | DEBUG | make_request: 133 | Make request: "getUpdates" with data: "{'offset': 137782259, 'timeout': 20}" and files "None"
15:31:37 | DEBUG | check_result: 95 | Response for getUpdates: [200] "'{"ok":true,"result":[]}'"
15:31:37 | DEBUG | make_request: 133 | Make request: "getUpdates" with data: "{'offset': 137782259, 'timeout': 20}" and files "None"
15:31:57 | DEBUG | check_result: 95 | Response for getUpdates: [200] "'{"ok":true,"result":[]}'"
15:31:57 | DEBUG | make_request: 133 | Make request: "getUpdates" with data: "{'offset': 137782259, 'timeout': 20}" and files "None"
15:32:17 | DEBUG | check_result: 95 | Response for getUpdates: [200] "'{"ok":true,"result":[]}'"
15:32:17 | DEBUG | make_request: 133 | Make request: "getUpdates" with data: "{'offset': 137782259, 'timeout': 20}" and files "None"
15:32:38 | DEBUG | check_result: 95 | Response for getUpdates: [200] "'{"ok":true,"result":[]}'"
15:32:38 | DEBUG | make_request: 133 | Make request: "getUpdates" with data: "{'offset': 137782259, 'timeout': 20}" and files "None"
15:32:58 | DEBUG | check_result: 95 | Response for getUpdates: [200] "'{"ok":true,"result":[]}'"
15:32:58 | DEBUG | make_request: 133 | Make request: "getUpdates" with data: "{'offset': 137782259, 'timeout': 20}" and files "None"
15:33:18 | DEBUG | check_result: 95 | Response for getUpdates: [200] "'{"ok":true,"result":[]}'"
15:33:18 | DEBUG | make_request: 133 | Make request: "getUpdates" with data: "{'offset': 137782259, 'timeout': 20}" and files "None"
15:33:38 | DEBUG | check_result: 95 | Response for getUpdates: [200] "'{"ok":true,"result":[]}'"
15:33:38 | DEBUG | make_request: 133 | Make request: "getUpdates" with data: "{'offset': 137782259, 'timeout': 20}" and files "None"
15:33:58 | DEBUG | check_result: 95 | Response for getUpdates: [200] "'{"ok":true,"result":[]}'"
15:33:58 | DEBUG | make_request: 133 | Make request: "getUpdates" with data: "{'offset': 137782259, 'timeout': 20}" and files "None"
15:34:18 | DEBUG | check_result: 95 | Response for getUpdates: [200] "'{"ok":true,"result":[]}'"
15:34:19 | DEBUG | make_request: 133 | Make request: "getUpdates" with data: "{'offset': 137782259, 'timeout': 20}" and files "None"
15:34:39 | DEBUG | check_result: 95 | Response for getUpdates: [200] "'{"ok":true,"result":[]}'"
15:34:39 | DEBUG | make_request: 133 | Make request: "getUpdates" with data: "{'offset': 137782259, 'timeout': 20}" and files "None"
15:34:59 | DEBUG | check_result: 95 | Response for getUpdates: [200] "'{"ok":true,"result":[]}'"
15:34:59 | DEBUG | make_request: 133 | Make request: "getUpdates" with data: "{'offset': 137782259, 'timeout': 20}" and files "None"
15:35:19 | DEBUG | check_result: 95 | Response for getUpdates: [200] "'{"ok":true,"result":[]}'"
15:35:19 | DEBUG | make_request: 133 | Make request: "getUpdates" with data: "{'offset': 137782259, 'timeout': 20}" and files "None"
15:35:39 | DEBUG | check_result: 95 | Response for getUpdates: [200] "'{"ok":true,"result":[]}'"
15:35:39 | DEBUG | make_request: 133 | Make request: "getUpdates" with data: "{'offset': 137782259, 'timeout': 20}" and files "None"
15:36:00 | DEBUG | check_result: 95 | Response for getUpdates: [200] "'{"ok":true,"result":[]}'"
15:36:00 | DEBUG | make_request: 133 | Make request: "getUpdates" with data: "{'offset': 137782259, 'timeout': 20}" and files "None"
15:36:20 | DEBUG | check_result: 95 | Response for getUpdates: [200] "'{"ok":true,"result":[]}'"
15:36:20 | DEBUG | make_request: 133 | Make request: "getUpdates" with data: "{'offset': 137782259, 'timeout': 20}" and files "None"
15:36:40 | DEBUG | check_result: 95 | Response for getUpdates: [200] "'{"ok":true,"result":[]}'"
15:36:40 | DEBUG | make_request: 133 | Make request: "getUpdates" with data: "{'offset': 137782259, 'timeout': 20}" and files "None"
15:37:00 | DEBUG | check_result: 95 | Response for getUpdates: [200] "'{"ok":true,"result":[]}'"
15:37:00 | DEBUG | make_request: 133 | Make request: "getUpdates" with data: "{'offset': 137782259, 'timeout': 20}" and files "None"
15:37:21 | DEBUG | check_result: 95 | Response for getUpdates: [200] "'{"ok":true,"result":[]}'"
15:37:21 | DEBUG | make_request: 133 | Make request: "getUpdates" with data: "{'offset': 137782259, 'timeout': 20}" and files "None"
15:37:41 | DEBUG | check_result: 95 | Response for getUpdates: [200] "'{"ok":true,"result":[]}'"
15:37:41 | DEBUG | make_request: 133 | Make request: "getUpdates" with data: "{'offset': 137782259, 'timeout': 20}" and files "None"
15:38:01 | DEBUG | check_result: 95 | Response for getUpdates: [200] "'{"ok":true,"result":[]}'"
15:38:01 | DEBUG | make_request: 133 | Make request: "getUpdates" with data: "{'offset': 137782259, 'timeout': 20}" and files "None"
15:38:21 | DEBUG | check_result: 95 | Response for getUpdates: [200] "'{"ok":true,"result":[]}'"
15:38:21 | DEBUG | make_request: 133 | Make request: "getUpdates" with data: "{'offset': 137782259, 'timeout': 20}" and files "None"
15:38:41 | DEBUG | check_result: 95 | Response for getUpdates: [200] "'{"ok":true,"result":[]}'"
15:38:41 | DEBUG | make_request: 133 | Make request: "getUpdates" with data: "{'offset': 137782259, 'timeout': 20}" and files "None"
15:39:02 | DEBUG | check_result: 95 | Response for getUpdates: [200] "'{"ok":true,"result":[]}'"
15:39:02 | DEBUG | make_request: 133 | Make request: "getUpdates" with data: "{'offset': 137782259, 'timeout': 20}" and files "None"
15:39:22 | DEBUG | check_result: 95 | Response for getUpdates: [200] "'{"ok":true,"result":[]}'"
15:39:22 | DEBUG | make_request: 133 | Make request: "getUpdates" with data: "{'offset': 137782259, 'timeout': 20}" and files "None"
15:39:42 | DEBUG | check_result: 95 | Response for getUpdates: [200] "'{"ok":true,"result":[]}'"
15:39:42 | DEBUG | make_request: 133 | Make request: "getUpdates" with data: "{'offset': 137782259, 'timeout': 20}" and files "None"
15:40:02 | DEBUG | check_result: 95 | Response for getUpdates: [200] "'{"ok":true,"result":[]}'"
15:40:02 | DEBUG | make_request: 133 | Make request: "getUpdates" with data: "{'offset': 137782259, 'timeout': 20}" and files "None"
15:40:22 | DEBUG | check_result: 95 | Response for getUpdates: [200] "'{"ok":true,"result":[]}'"
15:40:23 | DEBUG | make_request: 133 | Make request: "getUpdates" with data: "{'offset': 137782259, 'timeout': 20}" and files "None"
15:40:43 | DEBUG | check_result: 95 | Response for getUpdates: [200] "'{"ok":true,"result":[]}'"
15:40:43 | DEBUG | make_request: 133 | Make request: "getUpdates" with data: "{'offset': 137782259, 'timeout': 20}" and files "None"
15:40:49 | INFO | stop_polling: 433 | Stop polling...
15:40:49 | WARNING | start_polling: 329 | Goodbye!
15:40:52 | DEBUG | __init__: 623 | Using proactor: IocpProactor
15:40:52 | DEBUG | make_request: 133 | Make request: "getMe" with data: "{}" and files "None"
15:40:53 | DEBUG | check_result: 95 | Response for getMe: [200] "'{"ok":true,"result":{"id":5465904287,"is_bot":true,"first_name":"test","username":"test_Dorty_bot","can_join_groups":true,"can_read_all_group_messages":false,"supports_inline_queries":false}}'"
15:40:53 | INFO | _welcome: 362 | Bot: test [@test_Dorty_bot]
15:40:53 | INFO | start_polling: 358 | Start polling.
15:40:53 | DEBUG | make_request: 133 | Make request: "getWebhookInfo" with data: "{}" and files "None"
15:40:53 | DEBUG | check_result: 95 | Response for getWebhookInfo: [200] "'{"ok":true,"result":{"url":"","has_custom_certificate":false,"pending_update_count":0}}'"
15:40:53 | DEBUG | make_request: 133 | Make request: "getUpdates" with data: "{'timeout': 20}" and files "None"
15:40:57 | INFO | stop_polling: 433 | Stop polling...
15:40:57 | WARNING | start_polling: 329 | Goodbye!
15:40:59 | DEBUG | __init__: 623 | Using proactor: IocpProactor
15:40:59 | DEBUG | make_request: 133 | Make request: "getMe" with data: "{}" and files "None"
15:40:59 | DEBUG | check_result: 95 | Response for getMe: [200] "'{"ok":true,"result":{"id":5465904287,"is_bot":true,"first_name":"test","username":"test_Dorty_bot","can_join_groups":true,"can_read_all_group_messages":false,"supports_inline_queries":false}}'"
15:40:59 | INFO | _welcome: 362 | Bot: test [@test_Dorty_bot]
15:40:59 | INFO | start_polling: 358 | Start polling.
15:40:59 | DEBUG | make_request: 133 | Make request: "getWebhookInfo" with data: "{}" and files "None"
15:40:59 | DEBUG | check_result: 95 | Response for getWebhookInfo: [200] "'{"ok":true,"result":{"url":"","has_custom_certificate":false,"pending_update_count":0}}'"
15:40:59 | DEBUG | make_request: 133 | Make request: "getUpdates" with data: "{'timeout': 20}" and files "None"
15:41:14 | INFO | stop_polling: 433 | Stop polling...
15:41:14 | WARNING | start_polling: 329 | Goodbye!
